<?xml version="1.0" encoding="UTF-8"?>
<!-- Generated by org.testng.reporters.JUnitXMLReporter -->
<testsuite ignored="20" hostname="DESKTOP-GOGTDC5" failures="0" tests="24" name="Full End-to-End Flow" time="511.481" errors="0" timestamp="2026-06-29T17:02:58 IST">
  <testcase classname="tests.CreateLeadTest" name="testCreateNewLead" time="39.859"/>
  <testcase classname="tests.LeadDetailsTest" name="testVerifyLeadDetails" time="8.658"/>
  <testcase classname="tests.KycPageTest" name="testFetchKycLinkFromEmail" time="10.478"/>
  <testcase classname="tests.KycPageTest" name="testKycPageLoadsCorrectly" time="1.687"/>
  <testcase classname="tests.KycPageTest" name="testFillKycFormAndSubmit" time="45.269"/>
  <testcase classname="tests.SendToUnderwritingTest" name="testSendToUnderwriting" time="7.655"/>
  <testcase classname="tests.UnderWritingTest" name="testUnderwritingListPageLoads" time="3.822"/>
  <testcase classname="tests.UnderWritingTest" name="testSearchFunctionality" time="21.042"/>
  <testcase classname="tests.UnderWritingTest" name="testOpenApplicationDetail" time="7.002"/>
  <testcase classname="tests.UnderWritingTest" name="testTabNavigation" time="15.029"/>
  <testcase classname="tests.UnderWritingTest" name="testUpdateStatusModalOpens" time="4.291"/>
  <testcase classname="tests.UnderWritingTest" name="testApproveButtonPresent" time="0.154"/>
  <testcase classname="tests.UnderWritingTest" name="testDirectNavigationToApplicationDetail" time="3.994"/>
  <testcase classname="tests.UnderWritingTest" name="testDealParametersSetPreferredRepaymentDate" time="13.227"/>
  <testcase classname="tests.UnderWritingTest" name="testBankDetailsAddCustomerBank" time="45.537"/>
  <testcase classname="tests.UnderWritingTest" name="testClickApproveButton" time="11.791"/>
  <testcase classname="tests.UnderWritingTest" name="testDispatchSanctionMail" time="24.837"/>
  <testcase classname="tests.UnderWritingTest" name="testSubmitSanctionLetter" time="20.837"/>
  <testcase classname="tests.ProcessingFeeTest" name="testProcessingFeePayment" time="140.301"/>
  <testcase classname="tests.DealerLetterTest" name="testDispatchMailToDealer" time="9.416"/>
  <testcase classname="tests.DealerConfirmationTest" name="testDealerConfirmationFill" time="19.339"/>
  <testcase classname="tests.LoanAgreementTest" name="testDispatchAndSimulateESign" time="23.455"/>
  <testcase classname="tests.NachRegistrationTest" name="testNachRegistration" time="14.986"/>
  <testcase classname="tests.DisbursementTest" name="testSendToDisbursal" time="18.576"/>
  <testcase classname="base.BaseClass" name="@BeforeSuite suiteSetUp" time="0.0">
    <ignored/>
  </testcase> <!-- @BeforeSuite suiteSetUp -->
  <testcase classname="base.BaseClass" name="@AfterSuite tearDown" time="0.0">
    <ignored/>
  </testcase> <!-- @AfterSuite tearDown -->
  <testcase classname="base.BaseClass" name="@BeforeSuite suiteSetUp" time="0.0">
    <ignored/>
  </testcase> <!-- @BeforeSuite suiteSetUp -->
  <testcase classname="base.BaseClass" name="@BeforeSuite suiteSetUp" time="0.0">
    <ignored/>
  </testcase> <!-- @BeforeSuite suiteSetUp -->
  <testcase classname="base.BaseClass" name="@BeforeSuite suiteSetUp" time="0.0">
    <ignored/>
  </testcase> <!-- @BeforeSuite suiteSetUp -->
  <testcase classname="base.BaseClass" name="@AfterSuite tearDown" time="0.0">
    <ignored/>
  </testcase> <!-- @AfterSuite tearDown -->
  <testcase classname="base.BaseClass" name="@BeforeSuite suiteSetUp" time="0.0">
    <ignored/>
  </testcase> <!-- @BeforeSuite suiteSetUp -->
  <testcase classname="base.BaseClass" name="@AfterSuite tearDown" time="0.0">
    <ignored/>
  </testcase> <!-- @AfterSuite tearDown -->
  <testcase classname="base.BaseClass" name="@AfterSuite tearDown" time="0.0">
    <ignored/>
  </testcase> <!-- @AfterSuite tearDown -->
  <testcase classname="base.BaseClass" name="@BeforeSuite suiteSetUp" time="0.0">
    <ignored/>
  </testcase> <!-- @BeforeSuite suiteSetUp -->
  <testcase classname="base.BaseClass" name="@BeforeSuite suiteSetUp" time="0.0">
    <ignored/>
  </testcase> <!-- @BeforeSuite suiteSetUp -->
  <testcase classname="base.BaseClass" name="@AfterSuite tearDown" time="0.0">
    <ignored/>
  </testcase> <!-- @AfterSuite tearDown -->
  <testcase classname="base.BaseClass" name="@BeforeSuite suiteSetUp" time="0.0">
    <ignored/>
  </testcase> <!-- @BeforeSuite suiteSetUp -->
  <testcase classname="base.BaseClass" name="@AfterSuite tearDown" time="0.0">
    <ignored/>
  </testcase> <!-- @AfterSuite tearDown -->
  <testcase classname="base.BaseClass" name="@AfterSuite tearDown" time="0.0">
    <ignored/>
  </testcase> <!-- @AfterSuite tearDown -->
  <testcase classname="base.BaseClass" name="@BeforeSuite suiteSetUp" time="0.0">
    <ignored/>
  </testcase> <!-- @BeforeSuite suiteSetUp -->
  <testcase classname="base.BaseClass" name="@AfterSuite tearDown" time="0.0">
    <ignored/>
  </testcase> <!-- @AfterSuite tearDown -->
  <testcase classname="base.BaseClass" name="@AfterSuite tearDown" time="0.0">
    <ignored/>
  </testcase> <!-- @AfterSuite tearDown -->
  <testcase classname="base.BaseClass" name="@BeforeSuite suiteSetUp" time="0.0">
    <ignored/>
  </testcase> <!-- @BeforeSuite suiteSetUp -->
  <testcase classname="base.BaseClass" name="@AfterSuite tearDown" time="0.0">
    <ignored/>
  </testcase> <!-- @AfterSuite tearDown -->
</testsuite> <!-- Full End-to-End Flow -->
