<?xml version="1.0" encoding="UTF-8"?>
<!-- Generated by org.testng.reporters.JUnitXMLReporter -->
<testsuite ignored="20" hostname="DESKTOP-GOGTDC5" failures="0" tests="24" name="Full End-to-End Flow" time="488.74" errors="0" timestamp="2026-06-30T11:46:12 IST">
  <testcase classname="tests.CreateLeadTest" name="testCreateNewLead" time="39.745"/>
  <testcase classname="tests.LeadDetailsTest" name="testVerifyLeadDetails" time="6.724"/>
  <testcase classname="tests.KycPageTest" name="testFetchKycLinkFromEmail" time="12.273"/>
  <testcase classname="tests.KycPageTest" name="testKycPageLoadsCorrectly" time="1.309"/>
  <testcase classname="tests.KycPageTest" name="testFillKycFormAndSubmit" time="44.507"/>
  <testcase classname="tests.SendToUnderwritingTest" name="testSendToUnderwriting" time="7.585"/>
  <testcase classname="tests.UnderWritingTest" name="testUnderwritingListPageLoads" time="4.133"/>
  <testcase classname="tests.UnderWritingTest" name="testSearchFunctionality" time="21.188"/>
  <testcase classname="tests.UnderWritingTest" name="testOpenApplicationDetail" time="7.228"/>
  <testcase classname="tests.UnderWritingTest" name="testTabNavigation" time="14.954"/>
  <testcase classname="tests.UnderWritingTest" name="testUpdateStatusModalOpens" time="4.563"/>
  <testcase classname="tests.UnderWritingTest" name="testApproveButtonPresent" time="0.157"/>
  <testcase classname="tests.UnderWritingTest" name="testDirectNavigationToApplicationDetail" time="3.94"/>
  <testcase classname="tests.UnderWritingTest" name="testDealParametersSetPreferredRepaymentDate" time="13.308"/>
  <testcase classname="tests.UnderWritingTest" name="testBankDetailsAddCustomerBank" time="44.805"/>
  <testcase classname="tests.UnderWritingTest" name="testClickApproveButton" time="11.841"/>
  <testcase classname="tests.UnderWritingTest" name="testDispatchSanctionMail" time="24.619"/>
  <testcase classname="tests.UnderWritingTest" name="testSubmitSanctionLetter" time="20.468"/>
  <testcase classname="tests.ProcessingFeeTest" name="testProcessingFeePayment" time="117.949"/>
  <testcase classname="tests.DealerLetterTest" name="testDispatchMailToDealer" time="9.099"/>
  <testcase classname="tests.DealerConfirmationTest" name="testDealerConfirmationFill" time="19.447"/>
  <testcase classname="tests.LoanAgreementTest" name="testDispatchAndSimulateESign" time="25.434"/>
  <testcase classname="tests.NachRegistrationTest" name="testNachRegistration" time="15.051"/>
  <testcase classname="tests.DisbursementTest" name="testSendToDisbursal" time="18.163"/>
  <testcase classname="base.BaseClass" name="@BeforeSuite suiteSetUp" time="0.0">
    <ignored/>
  </testcase> <!-- @BeforeSuite suiteSetUp -->
  <testcase classname="base.BaseClass" name="@AfterSuite tearDown" time="0.0">
    <ignored/>
  </testcase> <!-- @AfterSuite tearDown -->
  <testcase classname="base.BaseClass" name="@BeforeSuite suiteSetUp" time="0.0">
    <ignored/>
  </testcase> <!-- @BeforeSuite suiteSetUp -->
  <testcase classname="base.BaseClass" name="@BeforeSuite suiteSetUp" time="0.0">
    <ignored/>
  </testcase> <!-- @BeforeSuite suiteSetUp -->
  <testcase classname="base.BaseClass" name="@BeforeSuite suiteSetUp" time="0.0">
    <ignored/>
  </testcase> <!-- @BeforeSuite suiteSetUp -->
  <testcase classname="base.BaseClass" name="@AfterSuite tearDown" time="0.0">
    <ignored/>
  </testcase> <!-- @AfterSuite tearDown -->
  <testcase classname="base.BaseClass" name="@BeforeSuite suiteSetUp" time="0.0">
    <ignored/>
  </testcase> <!-- @BeforeSuite suiteSetUp -->
  <testcase classname="base.BaseClass" name="@AfterSuite tearDown" time="0.0">
    <ignored/>
  </testcase> <!-- @AfterSuite tearDown -->
  <testcase classname="base.BaseClass" name="@AfterSuite tearDown" time="0.0">
    <ignored/>
  </testcase> <!-- @AfterSuite tearDown -->
  <testcase classname="base.BaseClass" name="@BeforeSuite suiteSetUp" time="0.0">
    <ignored/>
  </testcase> <!-- @BeforeSuite suiteSetUp -->
  <testcase classname="base.BaseClass" name="@BeforeSuite suiteSetUp" time="0.0">
    <ignored/>
  </testcase> <!-- @BeforeSuite suiteSetUp -->
  <testcase classname="base.BaseClass" name="@AfterSuite tearDown" time="0.0">
    <ignored/>
  </testcase> <!-- @AfterSuite tearDown -->
  <testcase classname="base.BaseClass" name="@BeforeSuite suiteSetUp" time="0.0">
    <ignored/>
  </testcase> <!-- @BeforeSuite suiteSetUp -->
  <testcase classname="base.BaseClass" name="@AfterSuite tearDown" time="0.0">
    <ignored/>
  </testcase> <!-- @AfterSuite tearDown -->
  <testcase classname="base.BaseClass" name="@AfterSuite tearDown" time="0.0">
    <ignored/>
  </testcase> <!-- @AfterSuite tearDown -->
  <testcase classname="base.BaseClass" name="@BeforeSuite suiteSetUp" time="0.0">
    <ignored/>
  </testcase> <!-- @BeforeSuite suiteSetUp -->
  <testcase classname="base.BaseClass" name="@AfterSuite tearDown" time="0.0">
    <ignored/>
  </testcase> <!-- @AfterSuite tearDown -->
  <testcase classname="base.BaseClass" name="@AfterSuite tearDown" time="0.0">
    <ignored/>
  </testcase> <!-- @AfterSuite tearDown -->
  <testcase classname="base.BaseClass" name="@BeforeSuite suiteSetUp" time="0.0">
    <ignored/>
  </testcase> <!-- @BeforeSuite suiteSetUp -->
  <testcase classname="base.BaseClass" name="@AfterSuite tearDown" time="0.0">
    <ignored/>
  </testcase> <!-- @AfterSuite tearDown -->
</testsuite> <!-- Full End-to-End Flow -->
