<?xml version="1.0" encoding="UTF-8"?>
<!-- Generated by org.testng.reporters.JUnitXMLReporter -->
<testsuite ignored="4" hostname="DESKTOP-GOGTDC5" failures="0" tests="5" name="Origination Tests" time="125.096" errors="0" timestamp="2026-06-25T16:01:30 IST">
  <testcase classname="tests.CreateLeadTest" name="testCreateNewLead" time="23.638"/>
  <testcase classname="tests.LeadDetailsTest" name="testVerifyLeadDetails" time="14.119"/>
  <testcase classname="tests.KycPageTest" name="testFetchKycLinkFromEmail" time="10.026"/>
  <testcase classname="tests.KycPageTest" name="testKycPageLoadsCorrectly" time="1.795"/>
  <testcase classname="tests.KycPageTest" name="testFillKycFormAndSubmit" time="75.389"/>
  <testcase classname="base.BaseClass" name="@AfterSuite tearDown" time="0.0">
    <ignored/>
  </testcase> <!-- @AfterSuite tearDown -->
  <testcase classname="base.BaseClass" name="@BeforeSuite suiteSetUp" time="0.0">
    <ignored/>
  </testcase> <!-- @BeforeSuite suiteSetUp -->
  <testcase classname="base.BaseClass" name="@AfterSuite tearDown" time="0.0">
    <ignored/>
  </testcase> <!-- @AfterSuite tearDown -->
  <testcase classname="base.BaseClass" name="@BeforeSuite suiteSetUp" time="0.0">
    <ignored/>
  </testcase> <!-- @BeforeSuite suiteSetUp -->
</testsuite> <!-- Origination Tests -->
