<?xml version="1.0" encoding="UTF-8"?>
<testsuite xmlns:xsi="http://www.w3.org/2001/XMLSchema-instance" xsi:noNamespaceSchemaLocation="https://maven.apache.org/surefire/maven-surefire-plugin/xsd/surefire-test-report-3.0.xsd" version="3.0" name="TestSuite" time="573.323" tests="24" errors="0" skipped="0" failures="0">
  <properties>
[...]
</properties>
  <testcase name="testCreateNewLead" classname="tests.CreateLeadTest" time="36.928">
    <system-out><![CDATA[[INFO] Generated unique Lead Name: Wufes Wavef
[INFO] Generated unique PAN: ABCDE0280E
[INFO] Vehicle Type selected successfully: NEW TWO WHEELER
[INFO] Entered Down Payment: 20000
[INFO] Entered Vehicle Brand 'Toyota' successfully.
[INFO] Lead form submitted.
[INFO] Create New Lead modal closed — lead created successfully.
[INFO] Captured LEAD_ID: 931 from URL: https://lms.alfinnext.com/vehicle/origination/931?product=VEHICLE_LOAN
]]></system-out>
    <system-err><![CDATA[SLF4J: Failed to load class "org.slf4j.impl.StaticLoggerBinder".
SLF4J: Defaulting to no-operation (NOP) logger implementation
SLF4J: See http://www.slf4j.org/codes.html#StaticLoggerBinder for further details.
Jun 29, 2026 3:08:20 PM org.openqa.selenium.devtools.CdpVersionFinder findNearestMatch
WARNING: Unable to find CDP implementation matching 149
Jun 29, 2026 3:08:20 PM org.openqa.selenium.chromium.ChromiumDriver lambda$new$5
WARNING: Unable to find version of CDP to use for 149.0.7827.199. You may need to include a dependency on a specific version of the CDP using something similar to `org.seleniumhq.selenium:selenium-devtools-v86:4.21.0` where the version ("v86") matches the version of the chromium-based browser you're using and the version number of the artifact is the same as Selenium's.
]]></system-err>
  </testcase>
  <testcase name="testVerifyLeadDetails" classname="tests.LeadDetailsTest" time="7.147">
    <system-out><![CDATA[[INFO] Navigating directly to lead ID: 931
[INFO] Successfully opened Lead Details page.
  Fetched Lead ID: Lead No: LD82443398
  Fetched Lead Status: NEW
  Fetched Loan Type: Loan type: NEW TWO WHEELER
[INFO] Saved LEAD_ID to System properties: 931
[INFO] Clicked Re-Dispatch KYC Link button.
[INFO] Clicked Confirm Dispatch button in the dialog.
[INFO] KYC link dispatched. Waiting for confirmation...
[INFO] KYC dispatch completed. Email verification will be done in KycPageTest.
]]></system-out>
  </testcase>
  <testcase name="testFetchKycLinkFromEmail" classname="tests.KycPageTest" time="9.623">
    <system-out><![CDATA[═══════════════════════════════════════════════════════════
[TEST] Fetching KYC link from Gmail inbox via IMAP...
═══════════════════════════════════════════════════════════
[INFO] Attempt 1 to fetch KYC link from email...
[INFO] Connecting to IMAP server: imap.gmail.com as bharatteja09@gmail.com
[INFO] Total messages in folder INBOX: 666
[INFO] Searching for email with subject: "Action Required: Complete Your KYC for Your Vehicle Loan with Alphaware" in INBOX
[INFO] Matched email subject: "Action Required: Complete Your KYC for Your Vehicle Loan with Alphaware" in folder: INBOX
[DEBUG] Message body length: 4162
[DEBUG] Message body snippet: <!doctype html><html lang="en"><head><meta charset="UTF-8"/><title>Action Required: Complete Your KYC for Vehicle Loan with Alphaware</title></head><body style="margin:0;padding:0;background-color:#ffffff;font-family:Arial,sans-serif;color:#333333;"><div style="width:100%;max-width:600px;margin:30px auto;background-color:#ffffff;border-radius:8px;padding:15px;"><div style="text-align:center;padding:15px 0;background-color:#e5e7eb;border-radius:6px;"><p style="margin:0;font-size:22px;font-weight:
[INFO] Found KYC/Payment link: https://client-lms.alfinnext.com/pager?data=v2%253At3SqpPPe2VPYXmLyt8A7blX3KN%252FOjF9wxXijrIqkZGgFNq2uvzxuZwEaCP1FHq%252FgXVb5thydtPgN9avoqDms6zcgI5FZ1Gy%252BtLWVKzUfiSNw%252BNwLnLxcDZ3LKJLUl0kASJg6t5bQ%252BNMNP9Q3G83NsymBgzA%252FoxhWY4oHfXKWMN5SiZAqWv9w0azxfF2wEzTPGjnautHRMPVbSsHgla6tjUHICUtoZzR%252Fge4%252Fj9yLLGl%252BxBOJ7dATa2ZfFiwEzYRqp1NJeHYtB%252Fn2UKVT&hmac=aDhFOqOaUDIjs1w6drwbRZmU8ncQYzbxh5Ddrw8OWXs
[INFO] KYC Link retrieved: https://client-lms.alfinnext.com/pager?data=v2%253At3SqpPPe2VPYXmLyt8A7blX3KN%252FOjF9wxXijrIqkZGgFNq2uvzxuZwEaCP1FHq%252FgXVb5thydtPgN9avoqDms6zcgI5FZ1Gy%252BtLWVKzUfiSNw%252BNwLnLxcDZ3LKJLUl0kASJg6t5bQ%252BNMNP9Q3G83NsymBgzA%252FoxhWY4oHfXKWMN5SiZAqWv9w0azxfF2wEzTPGjnautHRMPVbSsHgla6tjUHICUtoZzR%252Fge4%252Fj9yLLGl%252BxBOJ7dATa2ZfFiwEzYRqp1NJeHYtB%252Fn2UKVT&hmac=aDhFOqOaUDIjs1w6drwbRZmU8ncQYzbxh5Ddrw8OWXs
]]></system-out>
  </testcase>
  <testcase name="testKycPageLoadsCorrectly" classname="tests.KycPageTest" time="1.191">
    <system-out><![CDATA[═══════════════════════════════════════════════════════════
[TEST] Navigating to KYC Verification page...
═══════════════════════════════════════════════════════════
[INFO] Navigated to: https://client-lms.alfinnext.com/pager?data=v2%253At3SqpPPe2VPYXmLyt8A7blX3KN%252FOjF9wxXijrIqkZGgFNq2uvzxuZwEaCP1FHq%252FgXVb5thydtPgN9avoqDms6zcgI5FZ1Gy%252BtLWVKzUfiSNw%252BNwLnLxcDZ3LKJLUl0kASJg6t5bQ%252BNMNP9Q3G83NsymBgzA%252FoxhWY4oHfXKWMN5SiZAqWv9w0azxfF2wEzTPGjnautHRMPVbSsHgla6tjUHICUtoZzR%252Fge4%252Fj9yLLGl%252BxBOJ7dATa2ZfFiwEzYRqp1NJeHYtB%252Fn2UKVT&hmac=aDhFOqOaUDIjs1w6drwbRZmU8ncQYzbxh5Ddrw8OWXs
[INFO] KYC Verification page loaded. Header visible.
[INFO] Page title: Client Accertify
[INFO] Found 17 upload zones on KYC page.
[INFO] Document upload zones found: 17
[INFO] 'Submit Form' button is visible.
═══════════════════════════════════════════════════════════
[PASS] KYC Verification page loaded and verified successfully!
═══════════════════════════════════════════════════════════
]]></system-out>
  </testcase>
  <testcase name="testFillKycFormAndSubmit" classname="tests.KycPageTest" time="44.494">
    <system-out><![CDATA[═══════════════════════════════════════════════════════════
[TEST] Uploading documents and filling out KYC fields...
═══════════════════════════════════════════════════════════
[INFO] Uploading document for label: Borrower Pan
[INFO] Successfully uploaded file for label Borrower Pan
[INFO] Uploading document for label: Borrower Aadhar Front
[INFO] Successfully uploaded file for label Borrower Aadhar Front
[INFO] Uploading document for label: Borrower Aadhaar Back
[INFO] Successfully uploaded file for label Borrower Aadhaar Back
[INFO] Uploading document for label: Co-borrower pan
[INFO] Successfully uploaded file for label Co-borrower pan
[INFO] Uploading document for label: Co-borrower Aadhar front
[INFO] Successfully uploaded file for label Co-borrower Aadhar front
[INFO] Uploading document for label: Co-borrower-Aadhar back
[INFO] Successfully uploaded file for label Co-borrower-Aadhar back
[INFO] Filling input for label: Residential Stability
[INFO] Successfully filled 'Residential Stability' with value: 5
[INFO] Filling input for label: Borrower Age
[INFO] Successfully filled 'Borrower Age' with value: 30
[INFO] Clicking 'Verify' near label: Borrower PAN
[INFO] Successfully clicked 'Verify' near label 'Borrower PAN'
[INFO] Handling alert: Pan Validation Failed
[INFO] Filling input for label: Co-Borrower Name (As Per PAN)
[INFO] Successfully filled 'Co-Borrower Name (As Per PAN)' with value: Test Co-Borrower
[INFO] Filling input for label: Co-Borrower PAN
[INFO] Successfully filled 'Co-Borrower PAN' with value: EXKPB8202A
[INFO] Clicking 'Verify' near label: Co-Borrower PAN
[INFO] Successfully clicked 'Verify' near label 'Co-Borrower PAN'
[INFO] Filling input for label: Co-Borrower Age
[INFO] Successfully filled 'Co-Borrower Age' with value: 28
[INFO] Filling input for label: Co-Borrower Email
[INFO] Successfully filled 'Co-Borrower Email' with value: bharat.teja@alphawarenext.com
[INFO] Filling input for label: Co-Borrower contact
[INFO] Successfully filled 'Co-Borrower contact' with value: 9876543211
[INFO] Uploading document for label: Borrower Image
[INFO] Successfully uploaded file for label Borrower Image
[INFO] Uploading document for label: Bank statement (PDF Only)
[INFO] Successfully uploaded file for label Bank statement (PDF Only)
[INFO] Waiting 5 seconds for bank statement to be parsed before validating...
[INFO] Waiting for 'Validate Bank Statement' modal...
[INFO] Clicked 'Validate Statement' button.
[INFO] Waiting 5 seconds after validation for the server to process it...
[INFO] Handling alert: Unable to verify the bank statement. Kindly confirm the password is correct and that the document has not been modified. There may be a possible technical issue. You may proceed with the form.
[INFO] Attempting to close any open modals...
✅ Selected 'OWNED' from dropdown 'residentialType'
✅ Selected 'SALARIED' from dropdown 'employmentType'
═══════════════════════════════════════════════════════════
[INFO] Form filled. Submitting KYC Form...
[INFO] Clicked 'Submit Form' button.
═══════════════════════════════════════════════════════════
[PASS] Document uploads and form submission completed successfully!
═══════════════════════════════════════════════════════════
]]></system-out>
  </testcase>
  <testcase name="testSendToUnderwriting" classname="tests.SendToUnderwritingTest" time="8.304">
    <system-out><![CDATA[[TEST] Navigating to lead: https://lms.alfinnext.com/vehicle/origination/931?product=VEHICLE_LOAN
[INFO] Clicking 'Send to Underwriting' button...
[INFO] Confirmation modal appeared. Clicking confirm button...
[PASS] Lead sent to Underwriting. Current URL: https://lms.alfinnext.com/vehicle/origination/931?product=VEHICLE_LOAN
]]></system-out>
  </testcase>
  <testcase name="testUnderwritingListPageLoads" classname="tests.UnderWritingTest" time="4.636">
    <system-out><![CDATA[═══════════════════════════════════════════════════════════
[TEST] Navigating to Underwriting list page...
═══════════════════════════════════════════════════════════
[INFO] Applications displayed in table: 10
[INFO] Application numbers visible: [APP40213828, APP64863426, APP62513928, APP48906094, APP85367749, APP91798681, APP71603153, APP55676963, APP51076883, APP93353442]
[INFO] Application statuses visible: [In Processing, Underwriter Approved, In Processing, Underwriter Approved, Underwriter Approved, In Processing, Underwriter Approved, Underwriter Approved, In Processing, In Processing]
═══════════════════════════════════════════════════════════
[PASS] Underwriting list page loaded with 10 application(s).
═══════════════════════════════════════════════════════════
]]></system-out>
  </testcase>
  <testcase name="testSearchFunctionality" classname="tests.UnderWritingTest" time="20.732">
    <system-out><![CDATA[═══════════════════════════════════════════════════════════
[TEST] Testing quick-search filter...
═══════════════════════════════════════════════════════════
[INFO] Searched for: ZZZZZ_NONEXISTENT_9999
[INFO] 'No results' displayed for junk search: false
[INFO] Filters reset.
[INFO] After reset, row count: 10
═══════════════════════════════════════════════════════════
[PASS] Search and Reset functionality working correctly.
═══════════════════════════════════════════════════════════
]]></system-out>
  </testcase>
  <testcase name="testOpenApplicationDetail" classname="tests.UnderWritingTest" time="7.609">
    <system-out><![CDATA[═══════════════════════════════════════════════════════════
[TEST] Opening first application from the list...
═══════════════════════════════════════════════════════════
[INFO] Underwriting detail page loaded. URL: https://lms.alfinnext.com/vehicle/underwriting/485?product=VEHICLE_LOAN
[INFO] Opened first application: APP40213828
[INFO] Current URL after opening application: https://lms.alfinnext.com/vehicle/underwriting/485?product=VEHICLE_LOAN
[INFO] Saved APPLICATION_ID to System properties: 485
[INFO] Application status: In Processing
═══════════════════════════════════════════════════════════
[PASS] Opened application 'APP40213828' | Status: In Processing
═══════════════════════════════════════════════════════════
]]></system-out>
  </testcase>
  <testcase name="testTabNavigation" classname="tests.UnderWritingTest" time="14.144">
    <system-out><![CDATA[═══════════════════════════════════════════════════════════
[TEST] Navigating through detail page tabs...
═══════════════════════════════════════════════════════════
[INFO] Clicked tab: Borrower Details
[INFO] Borrower Details tab clicked – OK
[INFO] Clicked tab: Asset Details
[INFO] Asset Details tab clicked – OK
[INFO] Clicked tab: Loan Details
[INFO] Loan Details tab clicked – OK
[INFO] Clicked tab: Documents
[INFO] Documents tab clicked – OK
[INFO] Clicked tab: Tracking History
[INFO] Tracking History tab clicked – OK
[INFO] Clicked tab: Borrower Details
═══════════════════════════════════════════════════════════
[PASS] All tabs navigated successfully.
═══════════════════════════════════════════════════════════
]]></system-out>
  </testcase>
  <testcase name="testUpdateStatusModalOpens" classname="tests.UnderWritingTest" time="3.829">
    <system-out><![CDATA[═══════════════════════════════════════════════════════════
[TEST] Opening 'Update status' modal...
═══════════════════════════════════════════════════════════
[INFO] Clicked 'Update status' button.
[INFO] Status-update modal is visible.
[INFO] Modal is open.
[INFO] Available status options: [Select lead status, Withdrawn, Postponed, Rejected]
[INFO] Cancelled status update.
[INFO] Modal closed after Cancel.
═══════════════════════════════════════════════════════════
[PASS] Update status modal works correctly.
═══════════════════════════════════════════════════════════
]]></system-out>
  </testcase>
  <testcase name="testApproveButtonPresent" classname="tests.UnderWritingTest" time="0.054">
    <system-out><![CDATA[═══════════════════════════════════════════════════════════
[TEST] Verifying 'Approve' button is present and enabled...
═══════════════════════════════════════════════════════════
[INFO] Approve button enabled: true
═══════════════════════════════════════════════════════════
[PASS] 'Approve' button is present and enabled.
═══════════════════════════════════════════════════════════
]]></system-out>
  </testcase>
  <testcase name="testDirectNavigationToApplicationDetail" classname="tests.UnderWritingTest" time="3.695">
    <system-out><![CDATA[═══════════════════════════════════════════════════════════
[TEST] Direct navigation to known application detail page...
═══════════════════════════════════════════════════════════
[INFO] Underwriting detail page loaded. URL: https://lms.alfinnext.com/vehicle/underwriting/485?product=VEHICLE_LOAN
[INFO] Navigated to Underwriting detail: https://lms.alfinnext.com/vehicle/underwriting/485?product=VEHICLE_LOAN
[INFO] URL after direct navigation: https://lms.alfinnext.com/vehicle/underwriting/485?product=VEHICLE_LOAN
[INFO] Application status: In Processing
═══════════════════════════════════════════════════════════
[PASS] Direct navigation to application 485 succeeded. Status: In Processing
═══════════════════════════════════════════════════════════
]]></system-out>
  </testcase>
  <testcase name="testDealParametersSetPreferredRepaymentDate" classname="tests.UnderWritingTest" time="12.615">
    <system-out><![CDATA[═══════════════════════════════════════════════════════════
[TEST] Deal parameters — set Preferred Repayment Date & save...
═══════════════════════════════════════════════════════════
[INFO] Clicking 'Deal parameters' tab...
[INFO] Clicked tab: Deal Parameters
[INFO] Clicking 'Update parameters' button...
[INFO] Clicked 'Update parameters' — edit form is now open.
[INFO] Setting Preferred Repayment Date to: 2026-07-06
[INFO] Set Preferred Repayment Date to: 2026-07-06
[INFO] Date value in input after entry: 2026-07-06
[INFO] Clicking 'Save' to persist Deal parameters...
[INFO] Clicked 'Save' — Deal parameters saved.
═══════════════════════════════════════════════════════════
[PASS] Preferred Repayment Date set to '2026-07-06' and saved successfully.
═══════════════════════════════════════════════════════════
]]></system-out>
  </testcase>
  <testcase name="testBankDetailsAddCustomerBank" classname="tests.UnderWritingTest" time="43.116">
    <system-out><![CDATA[═══════════════════════════════════════════════════════════
[TEST] Bank Details — Add Customer Bank...
═══════════════════════════════════════════════════════════
[INFO] Clicking 'Bank Details' tab...
[INFO] Clicked tab: Bank Details
[INFO] Bank table rows before adding: 0
[INFO] Clicking 'Add Customer bank' button...
[INFO] Clicked 'Add Customer bank' — Create bank modal should open.
[INFO] 'Create bank' modal is open.
[INFO] Account type options: [Current, Savings]
[INFO] Filling Bank name: HDFC Bank
[INFO] Bank name: HDFC Bank
[INFO] Filling Name as per cheque: Ramesh Kumar
[INFO] Name as per cheque: Ramesh Kumar
[INFO] Filling Account number: 50100123456789
[INFO] Account number: 50100123456789
[INFO] Filling Branch: Koramangala
[INFO] Branch: Koramangala
[INFO] Filling City: Bangalore
[INFO] City: Bangalore
[INFO] Filling IFSC code: HDFC0001234
[INFO] IFSC code: HDFC0001234
[INFO] Selecting Account type: Current
[INFO] Account type selected: Current
[INFO] Mark default checkbox already set to: true
[INFO] Mark default: true
[INFO] Clicking 'Save' to create the bank record...
[INFO] Clicked 'Save' — bank record submitted.
[INFO] Bank table rows after adding: 2
═══════════════════════════════════════════════════════════
[PASS] Customer bank 'HDFC Bank' added successfully.
═══════════════════════════════════════════════════════════
]]></system-out>
  </testcase>
  <testcase name="testClickApproveButton" classname="tests.UnderWritingTest" time="11.217">
    <system-out><![CDATA[═══════════════════════════════════════════════════════════
[TEST] Clicking 'Approve' button on Underwriting detail page...
═══════════════════════════════════════════════════════════
[INFO] Navigating to application detail: 485
[INFO] Underwriting detail page loaded. URL: https://lms.alfinnext.com/vehicle/underwriting/485?product=VEHICLE_LOAN
[INFO] Navigated to Underwriting detail: https://lms.alfinnext.com/vehicle/underwriting/485?product=VEHICLE_LOAN
[INFO] URL: https://lms.alfinnext.com/vehicle/underwriting/485?product=VEHICLE_LOAN
[INFO] Application status BEFORE approve: In Processing
[INFO] 'Approve' button is enabled — clicking...
[INFO] Clicked 'Approve' button.
[INFO] Confirmation dialog appeared — button text: 'Approve'. Clicking confirm...
[INFO] Application status AFTER approve: UNDERWRITER_APPROVED
═══════════════════════════════════════════════════════════
[PASS] 'Approve' button clicked successfully.
       Status: In Processing → UNDERWRITER_APPROVED
═══════════════════════════════════════════════════════════
]]></system-out>
  </testcase>
  <testcase name="testDispatchSanctionMail" classname="tests.UnderWritingTest" time="24.464">
    <system-out><![CDATA[═══════════════════════════════════════════════════════════
[TEST] Dispatching Sanction Mail...
═══════════════════════════════════════════════════════════
[INFO] Clicking 'Dispatch Sanction Mail' button...
[INFO] Clicked 'Dispatch/Re-Dispatch Sanction Mail' button.
[INFO] Sanction Mail confirmation dialog is visible.
[INFO] Clicking Send inside confirmation dialog...
[INFO] Clicked 'Send' inside Sanction Mail confirmation dialog.
[INFO] Sanction Mail confirmation dialog closed.
[INFO] Sanction Mail button text after sending: Re-Dispatch Sanction Mail
[INFO] Sent status text: First sent at: Today at 3:12 PM | Last sent at: Today at 3:12 PM | 
═══════════════════════════════════════════════════════════
[PASS] Dispatch Sanction Mail flow verified successfully.
═══════════════════════════════════════════════════════════
]]></system-out>
  </testcase>
  <testcase name="testSubmitSanctionLetter" classname="tests.UnderWritingTest" time="19.926">
    <system-out><![CDATA[═══════════════════════════════════════════════════════════
[TEST] Retrieving Sanction Letter Link & Submitting Approval...
═══════════════════════════════════════════════════════════
[INFO] Waiting for sanction email to arrive...
[INFO] Attempt 1 to fetch Sanction link from email...
[INFO] Connecting to IMAP server: imap.gmail.com as bharatteja09@gmail.com
[INFO] Total messages in folder INBOX: 668
[INFO] Searching for email with subject: "Congratulations! Your Loan Has Been Sanctioned – Approve to Proceed" in INBOX
[INFO] Matched email subject: "Congratulations! Your Loan Has Been Sanctioned – Approve to Proceed" in folder: INBOX
[DEBUG] Message body length: 5023
[DEBUG] Message body snippet: <!doctype html><html lang="en"><head><meta charset="UTF-8"/><title>Congratulations! Your Loan Application Has Been Approved</title></head><body style="margin:0;padding:0;background-color:#ffffff;font-family:Arial,sans-serif;color:#333333;"><div style="width:100%;max-width:600px;margin:30px auto;background-color:#ffffff;border-radius:8px;padding:15px;"><div style="text-align:center;padding:15px 0;background-color:#e5e7eb;border-radius:6px;"><p style="margin:0;font-size:22px;font-weight:bold;color
[INFO] Found KYC/Payment link: https://client-lms.alfinnext.com/sanction-letter?data=v2%253AeoXt%252Fi8IZ%252FBF3lMfDm72E9d%252BAFZvqzYp4kiH55%252BNx6bDEQEnK6nTUgAnUvTOA%252BKxXNNVtq%252F5YgF2wsEGWYBgqbStFWmo2S3ipUhiyRfjR7cwSeM46CkovmWvClz84y8DsJEEI4lz8dNUVd65kn06sYExwbXZTDdxpEu42EYgQsL3XWq2zrgRk0XrTmyQmb4ltKGQ5yq1hvK148wMPiJiXTqzY9b7gWcWxP3asqGRAlJFL2oKt6CjNIfl3FBExNFOHQzKvMgFjSeb5xyYSqAV70gEYFci4WfiYFKJGu%252Bi8xwUcSlOu94m0VR5g%252BSCTqkjU9jWKjVk5Hom6Y2oaRuHP32xrt67Y2i2NfE%253D&hmac=_O7nlgj8cE8SovuPa1JS4FqmQJ_F4xoaDqfp4-7Mjbc
[INFO] Navigating to Sanction Letter URL: https://client-lms.alfinnext.com/sanction-letter?data=v2%253AeoXt%252Fi8IZ%252FBF3lMfDm72E9d%252BAFZvqzYp4kiH55%252BNx6bDEQEnK6nTUgAnUvTOA%252BKxXNNVtq%252F5YgF2wsEGWYBgqbStFWmo2S3ipUhiyRfjR7cwSeM46CkovmWvClz84y8DsJEEI4lz8dNUVd65kn06sYExwbXZTDdxpEu42EYgQsL3XWq2zrgRk0XrTmyQmb4ltKGQ5yq1hvK148wMPiJiXTqzY9b7gWcWxP3asqGRAlJFL2oKt6CjNIfl3FBExNFOHQzKvMgFjSeb5xyYSqAV70gEYFci4WfiYFKJGu%252Bi8xwUcSlOu94m0VR5g%252BSCTqkjU9jWKjVk5Hom6Y2oaRuHP32xrt67Y2i2NfE%253D&hmac=_O7nlgj8cE8SovuPa1JS4FqmQJ_F4xoaDqfp4-7Mjbc
[INFO] Loan Sanction Details page loaded.
[INFO] Clicked 'View Sanction Letter'.
[INFO] Terms and Conditions checkbox checked.
[INFO] Clicked 'Submit Sanction'.
═══════════════════════════════════════════════════════════
[PASS] Sanction letter submitted and approved successfully.
═══════════════════════════════════════════════════════════
]]></system-out>
  </testcase>
  <testcase name="testProcessingFeePayment" classname="tests.ProcessingFeeTest" time="178.408">
    <system-out><![CDATA[═══════════════════════════════════════════════════════════
[TEST] Navigating to Operations Detail page: https://lms.alfinnext.com/vehicle/operations/485?product=VEHICLE_LOAN
═══════════════════════════════════════════════════════════
═══════════════════════════════════════════════════════════
[INFO] Starting LMS-direct payment for application: 485
═══════════════════════════════════════════════════════════
[INFO] Navigating to LMS Processing Fee tab: https://lms.alfinnext.com/vehicle/operations/485?tab=processing-fee&product=VEHICLE
[INFO] Current URL: https://lms.alfinnext.com/vehicle/operations/485?tab=processing-fee&product=VEHICLE
[INFO] Clicking 'Dispatch Processing Fee Link' button...
[INFO] Waiting for Dispatch modal...
[INFO] Entered reference number.
[INFO] Clicked 'Dispatch' on the modal.
[INFO] Waiting for link to be generated...
[INFO] Clicking 'Open in new tab' icon for payment link...
[INFO] Clicked external link icon.
[INFO] Switched to new tab: https://razorpay.com/payment-link/plink_T7Oy190q1d7lYb/test
[INFO] Switched to Razorpay iframe.
[INFO] Step 1: Entering mobile number...
[INFO] Entered mobile: 9704283625
[INFO] Mobile step not present — already on payment options.
[INFO] Step 2: Clicking Wallet section...
[INFO] Clicked Wallet — waiting for sub-options...
[INFO] Step 3: Clicking Mobikwik...
[INFO] Clicked Mobikwik — waiting for email dialog...
[INFO] Step 4: Handling Mobikwik email dialog...
[INFO] Found 'email input' in current frame.
[INFO] Set email: bharat.teja@alphawarenext.com
[WARN] 'Continue (email)' not found in any frame: Expected condition failed: waiting for visibility of element located by By.xpath: //button[contains(translate(normalize-space(.),'ABCDEFGHIJKLMNOPQRSTUVWXYZ','abcdefghijklmnopqrstuvwxyz'),'continue')] (tried for 5 second(s) with 500 milliseconds interval)
Build info: version: '4.21.0', revision: '79ed462ef4'
System info: os.name: 'Windows 11', os.arch: 'amd64', os.version: '10.0', java.version: '25.0.2'
Driver info: org.openqa.selenium.chrome.ChromeDriver
Capabilities {acceptInsecureCerts: false, browserName: chrome, browserVersion: 149.0.7827.199, chrome: {chromedriverVersion: 149.0.7827.155 (07b52360cc1..., userDataDir: C:\Users\i-tech\AppData\Loc...}, fedcm:accounts: true, goog:chromeOptions: {debuggerAddress: localhost:55868}, goog:processID: 15612, networkConnectionEnabled: false, pageLoadStrategy: normal, platformName: windows, proxy: Proxy(), se:cdp: ws://localhost:55868/devtoo..., se:cdpVersion: 149.0.7827.199, setWindowRect: true, strictFileInteractability: false, timeouts: {implicit: 0, pageLoad: 300000, script: 30000}, unhandledPromptBehavior: dismiss and notify, webauthn:extension:credBlob: true, webauthn:extension:largeBlob: true, webauthn:extension:minPinLength: true, webauthn:extension:prf: true, webauthn:virtualAuthenticators: true}
Session ID: 98829213816769516a29381e6375e6d9
[INFO] Step 5: Entering OTP...
[WARN] 'OTP input' not found in any frame: Expected condition failed: waiting for visibility of element located by By.xpath: //input[contains(@placeholder,'OTP') or contains(@placeholder,'otp') or @name='otp'] | //input[@type='number' and (@maxlength='6' or @maxlength='4')] | //input[@type='tel' and (@maxlength='6' or @maxlength='4')] (tried for 5 second(s) with 500 milliseconds interval)
Build info: version: '4.21.0', revision: '79ed462ef4'
System info: os.name: 'Windows 11', os.arch: 'amd64', os.version: '10.0', java.version: '25.0.2'
Driver info: org.openqa.selenium.chrome.ChromeDriver
Capabilities {acceptInsecureCerts: false, browserName: chrome, browserVersion: 149.0.7827.199, chrome: {chromedriverVersion: 149.0.7827.155 (07b52360cc1..., userDataDir: C:\Users\i-tech\AppData\Loc...}, fedcm:accounts: true, goog:chromeOptions: {debuggerAddress: localhost:55868}, goog:processID: 15612, networkConnectionEnabled: false, pageLoadStrategy: normal, platformName: windows, proxy: Proxy(), se:cdp: ws://localhost:55868/devtoo..., se:cdpVersion: 149.0.7827.199, setWindowRect: true, strictFileInteractability: false, timeouts: {implicit: 0, pageLoad: 300000, script: 30000}, unhandledPromptBehavior: dismiss and notify, webauthn:extension:credBlob: true, webauthn:extension:largeBlob: true, webauthn:extension:minPinLength: true, webauthn:extension:prf: true, webauthn:virtualAuthenticators: true}
Session ID: 98829213816769516a29381e6375e6d9
[WARN] OTP input not found in any frame.
[INFO] Wallet (Mobikwik) payment flow completed.
[INFO] Closed Razorpay tab. Switched back to: https://lms.alfinnext.com/vehicle/operations/485?tab=processing-fee&product=VEHICLE
═══════════════════════════════════════════════════════════
[PASS] LMS-direct payment completed successfully.
═══════════════════════════════════════════════════════════
═══════════════════════════════════════════════════════════
[PASS] Processing fee payment completed (Approach 2 - LMS Direct).
═══════════════════════════════════════════════════════════
]]></system-out>
  </testcase>
  <testcase name="testDispatchMailToDealer" classname="tests.DealerLetterTest" time="8.223">
    <system-out><![CDATA[═══════════════════════════════════════════════════════════
[TEST] Navigating to Operations application to dispatch dealer mail...
═══════════════════════════════════════════════════════════
[INFO] Navigated directly to Operations detail ID: 485
[INFO] Clicked Disbursement Details tab.
[INFO] Clicked 'Dispatch mail to dealer/seller for bank details' button.
═══════════════════════════════════════════════════════════
[INFO] Filling email in the modal...
═══════════════════════════════════════════════════════════
[INFO] Entered email: bharatteja09@gmail.com
[INFO] Clicked 'Dispatch Mail' button in modal.
═══════════════════════════════════════════════════════════
[PASS] Dealer mail dispatch completed successfully.
═══════════════════════════════════════════════════════════
]]></system-out>
  </testcase>
  <testcase name="testDealerConfirmationFill" classname="tests.DealerConfirmationTest" time="18.559">
    <system-out><![CDATA[═══════════════════════════════════════════════════════════
[TEST] Navigating to Dealer Confirmation URL...
═══════════════════════════════════════════════════════════
[INFO] Waiting for dealer email to arrive...
[INFO] Connecting to IMAP server: imap.gmail.com as bharatteja09@gmail.com
[INFO] Total messages in folder INBOX: 670
[INFO] Searching for email with subject: "Finance confirmation" in INBOX
[INFO] Matched email subject: "Finance confirmation for New Two Wheeler Loan to Wufes Wavef" in folder: INBOX
[DEBUG] Message body length: 4632
[DEBUG] Message body snippet: <!doctype html><html lang="en"><head><meta charset="UTF-8"/><title>Finance Confirmation</title></head><body style="margin:0;padding:0;background-color:#ffffff;font-family:Arial,sans-serif;color:#333333;"><div style="width:100%;max-width:600px;margin:30px auto;background-color:#ffffff;border-radius:8px;padding:15px;"><div style="text-align:center;padding:15px 0;background-color:#e5e7eb;border-radius:6px;"><p style="margin:0;font-size:22px;font-weight:bold;color:#1d4ed8;">Alphaware</p></div><div s
[INFO] Found KYC/Payment link: https://client-lms.alfinnext.com/dealer?data=v2%253AwAwwnIaTr8gbOirgQKD3qeRbwzzThagjqhjc7HwtAWZ9FB6ddOMieZs1B8NjI71rcm6TZnHDwasiXr%252Bnwhdc9S6LK%252B88k0GJXCPek78cmOEq5o%252FAMny4CY1lh%252Bx%252FfqAu9Kfrzd4kQ2bfR%252FmL6mN3%252BvdVaeGJAriRKTqqQS%252BxuHGiSlFILSI%253D&hmac=eQcHAawM6ZeDC2QyxxMOifJ6M-jp_2XuIAEjeznr8IY
[INFO] Fetched Dealer URL: https://client-lms.alfinnext.com/dealer?data=v2%253AwAwwnIaTr8gbOirgQKD3qeRbwzzThagjqhjc7HwtAWZ9FB6ddOMieZs1B8NjI71rcm6TZnHDwasiXr%252Bnwhdc9S6LK%252B88k0GJXCPek78cmOEq5o%252FAMny4CY1lh%252Bx%252FfqAu9Kfrzd4kQ2bfR%252FmL6mN3%252BvdVaeGJAriRKTqqQS%252BxuHGiSlFILSI%253D&hmac=eQcHAawM6ZeDC2QyxxMOifJ6M-jp_2XuIAEjeznr8IY
[INFO] Filling bank details...
[INFO] Submitting Dealer Confirmation form...
═══════════════════════════════════════════════════════════
[PASS] Dealer Confirmation form filled and submitted successfully.
═══════════════════════════════════════════════════════════
]]></system-out>
  </testcase>
  <testcase name="testDispatchAndSimulateESign" classname="tests.LoanAgreementTest" time="22.831">
    <system-out><![CDATA[═══════════════════════════════════════════════════════════
[TEST] Navigating to Operations application to dispatch loan agreement...
═══════════════════════════════════════════════════════════
[INFO] Navigated directly to Operations detail ID: 485
[INFO] Clicked 'Loan Agreement' tab.
[INFO] Clicked 'Dispatch Loan Agreement' button.
[INFO] Clicked 'Send' inside dispatch modal.
[INFO] Getting Token from browser cookies...
[INFO] Calling ApiUtils.getLoanAgreement (with retry)...
[DEBUG] Attempt 1 - Response: {"message":"E-Sign status response not available for applicationId 485, documentId: DID260629151702066Z58H7B8QR1P2YA","status":"FAILURE"}
[INFO] Successfully extracted Doc ID using ApiUtils: DID260629151702066Z58H7B8QR1P2YA
[INFO] Using Document ID for webhook: DID260629151702066Z58H7B8QR1P2YA
[INFO] Calling webhook callback API natively via Java...
[INFO] Webhook POST Response Status: 200
[INFO] Webhook POST Response Body: {
    "message": "SUCCESS",
    "httpStatus": "OK"
}
═══════════════════════════════════════════════════════════
[PASS] Loan Agreement Webhook Callback executed!
═══════════════════════════════════════════════════════════
]]></system-out>
  </testcase>
  <testcase name="testNachRegistration" classname="tests.NachRegistrationTest" time="14.363">
    <system-out><![CDATA[═══════════════════════════════════════════════════════════
[TEST] Navigating to Operations application to perform NACH Registration...
═══════════════════════════════════════════════════════════
[INFO] Navigated directly to Operations detail ID: 485
[INFO] Clicked 'Nach Registration' tab.
[INFO] Clicked 'Create E-Mandate' button.
[INFO] Clicked 'Create' inside E-Mandate modal.
[INFO] Getting Token from browser cookies...
[INFO] Calling ApiUtils.getMandateDetails (with retry)...
[DEBUG] Attempt 1 - Mandate Details Response: {"data":[{"mandateId":"ENA2606291517223384Z74R2ZA63SKAP","status":"INITIATED","umrn":null,"customerName":"Wufes Wavef","schemeRefNumber":"827264423122460","recurring":true,"frequency":"Monthly","maximumAmount":"3166","firstCollectionDate":"2026-06-29","finalCollectionDate":"2028-06-29","bankName":"HDFC Bank","accountType":"CURRENT","expiryDateTime":"2026-07-20T15:17:22.295031","createdAt":"2026-06-29 15:17:22","updatedAt":null,"cancelledAt":null,"eventLogs":[]}],"message":"SUCCESS","httpStatus":"OK"}
[INFO] Successfully extracted Mandate ID: ENA2606291517223384Z74R2ZA63SKAP
[INFO] Using Mandate ID for webhook: ENA2606291517223384Z74R2ZA63SKAP
[INFO] Calling webhook callback API natively via Java...
[INFO] Webhook POST Response Status: 200
[INFO] Response Body:
{
    "message": "SUCCESS",
    "httpStatus": "OK"
}
]]></system-out>
  </testcase>
  <testcase name="testSendToDisbursal" classname="tests.DisbursementTest" time="16.796">
    <system-out><![CDATA[═══════════════════════════════════════════════════════════
[TEST] Navigating to Operations application to Send to Disbursal...
═══════════════════════════════════════════════════════════
[INFO] Navigated directly to Operations detail ID: 485
[INFO] Clicked tab: Disbursement Details
[INFO] 'Send to Disbursal' button found. Clicking it...
[INFO] Clicked 'Send to Disbursal' main button.
[INFO] Clicked 'Send to Disbursal' inside confirmation modal.
[INFO] Successfully sent application 485 to Disbursal.
[INFO] Now clicking Disburse to complete the flow...
[INFO] Clicked 'Disburse' main button.
[INFO] Entered UTR: UTR987654321
[INFO] Entered Transfer Type: NEFT
[INFO] Clicked 'Disburse' inside confirmation modal.
[INFO] Successfully completed Disbursement for application 485.
]]></system-out>
  </testcase>
</testsuite>