<?xml version="1.0" encoding="UTF-8"?>
<testsuite xmlns:xsi="http://www.w3.org/2001/XMLSchema-instance" xsi:noNamespaceSchemaLocation="https://maven.apache.org/surefire/maven-surefire-plugin/xsd/surefire-test-report.xsd" version="3.0.2" name="TestSuite" time="1697.269" tests="63" errors="0" skipped="0" failures="13">
  <properties>
[...]
</properties>
  <testcase name="testTableLoadsWithData" classname="tests.AccountsTest" time="1.02">
    <system-out><![CDATA[[TestReportListener] Suite started: ProductAccounts E2E Suite
13:01:19.315 [main] INFO  io.github.bonigarcia.wdm.WebDriverManager - Using chromedriver 149.0.7827.155 (resolved driver for Chrome 149)
13:01:19.447 [main] INFO  io.github.bonigarcia.wdm.WebDriverManager - Exporting webdriver.chrome.driver as C:\Users\i-tech\.cache\selenium\chromedriver\win64\149.0.7827.155\chromedriver.exe
13:01:34.109 [main] INFO  tests.AccountsTest - Verifying accounts table loads with data
13:01:35.108 [main] INFO  tests.AccountsTest - Total rows loaded: 10
]]></system-out>
    <system-err><![CDATA[Jul 02, 2026 1:01:21 PM org.openqa.selenium.devtools.CdpVersionFinder findNearestMatch
WARNING: Unable to find CDP implementation matching 149
Jul 02, 2026 1:01:21 PM org.openqa.selenium.chromium.ChromiumDriver lambda$new$5
WARNING: Unable to find version of CDP to use for 149.0.7827.199. You may need to include a dependency on a specific version of the CDP using something similar to `org.seleniumhq.selenium:selenium-devtools-v86:4.22.0` where the version ("v86") matches the version of the chromium-based browser you're using and the version number of the artifact is the same as Selenium's.
]]></system-err>
  </testcase>
  <testcase name="testSearchByBorrowerName" classname="tests.AccountsTest" time="5.981">
    <system-out><![CDATA[13:01:37.121 [main] INFO  tests.AccountsTest - Testing search input accepts borrower-name text without error
13:01:43.100 [main] INFO  tests.AccountsTest - Rows visible after search input: 10
]]></system-out>
  </testcase>
  <testcase name="testSearchByLAN" classname="tests.AccountsTest" time="4.153">
    <system-out><![CDATA[13:01:44.473 [main] INFO  tests.AccountsTest - Testing search filter by LAN number
]]></system-out>
  </testcase>
  <testcase name="testSearchInputNonExistentText" classname="tests.AccountsTest" time="4.243">
    <system-out><![CDATA[13:01:51.317 [main] INFO  tests.AccountsTest - Testing search input with non-existent text does not crash page
13:01:55.555 [main] INFO  tests.AccountsTest - Rows visible after non-existent search: 10
]]></system-out>
  </testcase>
  <testcase name="testAvailableStatusOptions" classname="tests.AccountsTest" time="1.565">
    <system-out><![CDATA[13:01:56.651 [main] INFO  tests.AccountsTest - Listing available Status filter options
13:01:58.214 [main] INFO  tests.AccountsTest - Available status options: [DISBURSED, PRE_EMI, ACTIVE, MORATORIUM, OVERDUE, NPA, SETTLED, FORECLOSED, INSURANCE_CLOSED, BALANCE_TRANSFERRED, LEGAL_RECOVERY, CLOSED, WRITTEN_OFF, CANCELLED]
]]></system-out>
  </testcase>
  <testcase name="testFilterByActiveStatus" classname="tests.AccountsTest" time="15.662">
    <system-out><![CDATA[13:01:59.275 [main] INFO  tests.AccountsTest - Testing Status filter: ACTIVE
13:02:02.510 [main] INFO  tests.AccountsTest - Rows with ACTIVE status: 10
]]></system-out>
  </testcase>
  <testcase name="testFilterByOverdueStatus" classname="tests.AccountsTest" time="18.185">
    <system-out><![CDATA[13:02:16.554 [main] INFO  tests.AccountsTest - Testing Status filter: OVERDUE
13:02:22.895 [main] INFO  tests.AccountsTest - Rows with OVERDUE status: 10
]]></system-out>
  </testcase>
  <testcase name="testFilterBySettledStatus" classname="tests.AccountsTest" time="19.705">
    <system-out><![CDATA[13:02:36.496 [main] INFO  tests.AccountsTest - Testing Status filter: SETTLED
13:02:56.203 [main] INFO  tests.AccountsTest - Rows with SETTLED status: 0
13:02:56.203 [main] INFO  tests.AccountsTest - No SETTLED loans in current test data — filter applied without error
]]></system-out>
  </testcase>
  <testcase name="testLoginDateFilter" classname="tests.AccountsTest" time="5.209">
    <system-out><![CDATA[13:02:57.900 [main] INFO  tests.AccountsTest - Testing Login date range filter
13:03:03.098 [main] INFO  tests.AccountsTest - Rows in date range 2024: 10
]]></system-out>
  </testcase>
  <testcase name="testCombinedStatusAndSearchFilter" classname="tests.AccountsTest" time="9.585">
    <system-out><![CDATA[13:03:04.943 [main] INFO  tests.AccountsTest - Testing combined Status + Search filter
13:03:14.516 [main] INFO  tests.AccountsTest - Rows after combined filter: 10
]]></system-out>
  </testcase>
  <testcase name="testTableDataIntegrity" classname="tests.AccountsTest" time="14.431">
    <system-out><![CDATA[13:03:16.362 [main] INFO  tests.AccountsTest - Verifying table data integrity for all rows
13:03:30.777 [main] INFO  tests.AccountsTest - Row 0: LAN=VEHICLE_000031, Borrower=Miraf Kasum, Status=Active
13:03:30.777 [main] INFO  tests.AccountsTest - Row 1: LAN=VEHICLE_000030, Borrower=Vilef Dokis, Status=Active
13:03:30.779 [main] INFO  tests.AccountsTest - Row 2: LAN=VEHICLE_000029, Borrower=Pigok Kamac, Status=Balance Transferred
13:03:30.779 [main] INFO  tests.AccountsTest - Row 3: LAN=VEHICLE_000028, Borrower=Ribiw Bewaw, Status=Active
13:03:30.780 [main] INFO  tests.AccountsTest - Row 4: LAN=VEHICLE_000027, Borrower=Wufes Wavef, Status=Active
13:03:30.780 [main] INFO  tests.AccountsTest - Row 5: LAN=VEHICLE_000026, Borrower=Hiniw BapenHiniw Bapen, Status=Active
13:03:30.787 [main] INFO  tests.AccountsTest - Row 6: LAN=VEHICLE_000025, Borrower=Jabit CebogJabit Cebog, Status=Active
13:03:30.788 [main] INFO  tests.AccountsTest - Row 7: LAN=VEHICLE_000024, Borrower=Test User Test User, Status=Active
13:03:30.789 [main] INFO  tests.AccountsTest - Row 8: LAN=VEHICLE_000023, Borrower=NIDHI ANIL SADHWANI, Status=Overdue
13:03:30.789 [main] INFO  tests.AccountsTest - Row 9: LAN=PERSONAL_000007, Borrower=APEKSHA MISHRA, Status=Balance Transferred
]]></system-out>
  </testcase>
  <testcase name="testSerialNumberSequence" classname="tests.AccountsTest" time="3.147">
    <system-out><![CDATA[13:03:32.806 [main] INFO  tests.AccountsTest - Verifying serial numbers are sequential starting from 1
]]></system-out>
  </testcase>
  <testcase name="testClickLANNavigatesToDetailPage" classname="tests.AccountsTest" time="2.732">
    <system-out><![CDATA[13:03:37.436 [main] INFO  tests.AccountsTest - Testing navigation to account detail page by clicking LAN
13:03:37.851 [main] INFO  tests.AccountsTest - First LAN in table: VEHICLE_000031
13:03:40.167 [main] INFO  tests.AccountsTest - Successfully navigated to account detail page for VEHICLE_000031
]]></system-out>
  </testcase>
  <testcase name="testClickFirstRowLAN" classname="tests.AccountsTest" time="2.564">
    <system-out><![CDATA[13:03:41.924 [main] INFO  tests.AccountsTest - Testing navigation by clicking first row LAN cell
13:03:42.329 [main] INFO  tests.AccountsTest - Clicking LAN: VEHICLE_000031
]]></system-out>
  </testcase>
  <testcase name="testPresentUpcomingEMIsButton" classname="tests.AccountsTest" time="3.862">
    <system-out><![CDATA[13:03:47.503 [main] INFO  tests.AccountsTest - Testing 'Present Upcoming EMIs' button click
13:03:51.165 [main] INFO  tests.AccountsTest - URL after clicking Present Upcoming EMIs: https://lms.alfinnext.com/lms/accounts?product=VEHICLE_LOAN
]]></system-out>
  </testcase>
  <testcase name="testViewActivePresentationsButton" classname="tests.AccountsTest" time="4.779">
    <system-out><![CDATA[13:03:53.657 [main] INFO  tests.AccountsTest - Testing 'View Active Presentations' button click
13:03:58.209 [main] INFO  tests.AccountsTest - URL after clicking View Active Presentations: https://lms.alfinnext.com/lms/accounts?product=VEHICLE_LOAN
]]></system-out>
  </testcase>
  <testcase name="testPageLoadsSuccessfully" classname="tests.AccountsDetailsTest" time="0.251">
    <system-out><![CDATA[13:04:06.043 [main] INFO  io.github.bonigarcia.wdm.WebDriverManager - Using chromedriver 149.0.7827.155 (resolved driver for Chrome 149)
13:04:06.129 [main] INFO  io.github.bonigarcia.wdm.WebDriverManager - Exporting webdriver.chrome.driver as C:\Users\i-tech\.cache\selenium\chromedriver\win64\149.0.7827.155\chromedriver.exe
13:05:18.186 [main] INFO  tests.AccountsDetailsTest - Detail page URL captured: https://lms.alfinnext.com/lms/accounts/212?product=VEHICLE_LOAN
13:05:20.412 [main] INFO  tests.AccountsDetailsTest - Verifying detail page loads
]]></system-out>
    <system-err><![CDATA[Jul 02, 2026 1:04:10 PM org.openqa.selenium.devtools.CdpVersionFinder findNearestMatch
WARNING: Unable to find CDP implementation matching 149
Jul 02, 2026 1:04:10 PM org.openqa.selenium.chromium.ChromiumDriver lambda$new$5
WARNING: Unable to find version of CDP to use for 149.0.7827.199. You may need to include a dependency on a specific version of the CDP using something similar to `org.seleniumhq.selenium:selenium-devtools-v86:4.22.0` where the version ("v86") matches the version of the chromium-based browser you're using and the version number of the artifact is the same as Selenium's.
]]></system-err>
  </testcase>
  <testcase name="testUrlContainsAccountId" classname="tests.AccountsDetailsTest" time="0.067">
    <system-out><![CDATA[13:05:22.897 [main] INFO  tests.AccountsDetailsTest - Verifying URL contains numeric account ID
13:05:22.949 [main] INFO  tests.AccountsDetailsTest - Current URL: https://lms.alfinnext.com/lms/accounts/212?product=VEHICLE_LOAN
]]></system-out>
  </testcase>
  <testcase name="testBorrowerNameIsVisible" classname="tests.AccountsDetailsTest" time="0.484">
    <system-out><![CDATA[13:05:25.275 [main] INFO  tests.AccountsDetailsTest - Verifying borrower name is visible in header
13:05:25.754 [main] INFO  tests.AccountsDetailsTest - Borrower name: Miraf Kasum
]]></system-out>
  </testcase>
  <testcase name="testLANNumberIsVisible" classname="tests.AccountsDetailsTest" time="0.295">
    <system-out><![CDATA[13:05:27.955 [main] INFO  tests.AccountsDetailsTest - Verifying LAN number is shown in header
13:05:28.250 [main] INFO  tests.AccountsDetailsTest - LAN number: VEHICLE_000031
]]></system-out>
  </testcase>
  <testcase name="testLANTextContainsPrefix" classname="tests.AccountsDetailsTest" time="0.633">
    <system-out><![CDATA[13:05:30.420 [main] INFO  tests.AccountsDetailsTest - Verifying full LAN label contains 'LAN:' prefix
13:05:31.050 [main] INFO  tests.AccountsDetailsTest - Full LAN text: LAN:
VEHICLE_000031
]]></system-out>
  </testcase>
  <testcase name="testStatusBadgeIsVisible" classname="tests.AccountsDetailsTest" time="0.4">
    <system-out><![CDATA[13:05:32.816 [main] INFO  tests.AccountsDetailsTest - Verifying status badge is visible
13:05:33.216 [main] INFO  tests.AccountsDetailsTest - Status badge: Active
]]></system-out>
  </testcase>
  <testcase name="testANTextIsVisible" classname="tests.AccountsDetailsTest" time="0.436">
    <system-out><![CDATA[13:05:35.354 [main] INFO  tests.AccountsDetailsTest - Verifying AN text is visible in header
13:05:35.780 [main] INFO  tests.AccountsDetailsTest - AN text: AN:
APP60282932
]]></system-out>
  </testcase>
  <testcase name="testProductTypeIsVisible" classname="tests.AccountsDetailsTest" time="0.267">
    <system-out><![CDATA[13:05:37.328 [main] INFO  tests.AccountsDetailsTest - Verifying Product Type is visible in header
13:05:37.595 [main] INFO  tests.AccountsDetailsTest - Product type: VEHICLE
]]></system-out>
  </testcase>
  <testcase name="testDisbursedOnDateIsVisible" classname="tests.AccountsDetailsTest" time="0.376">
    <system-out><![CDATA[13:05:39.209 [main] INFO  tests.AccountsDetailsTest - Verifying Disbursed On date is visible in header
13:05:39.575 [main] INFO  tests.AccountsDetailsTest - Disbursed on: 01-07-2026
]]></system-out>
  </testcase>
  <testcase name="testLoanAmountIsDisplayed" classname="tests.AccountsDetailsTest" time="0.282">
    <system-out><![CDATA[13:05:41.590 [main] INFO  tests.AccountsDetailsTest - Verifying Loan Amount is displayed in info grid
13:05:41.870 [main] INFO  tests.AccountsDetailsTest - Loan Amount: ₹70,000
]]></system-out>
  </testcase>
  <testcase name="testOutstandingIsDisplayed" classname="tests.AccountsDetailsTest" time="0.449">
    <system-out><![CDATA[13:05:43.835 [main] INFO  tests.AccountsDetailsTest - Verifying Outstanding is displayed in info grid
13:05:44.269 [main] INFO  tests.AccountsDetailsTest - Outstanding: ₹70,015.34
]]></system-out>
  </testcase>
  <testcase name="testCurrentDPDIsDisplayed" classname="tests.AccountsDetailsTest" time="0.281">
    <system-out><![CDATA[13:05:46.313 [main] INFO  tests.AccountsDetailsTest - Verifying Current DPD is displayed in info grid
13:05:46.584 [main] INFO  tests.AccountsDetailsTest - Current DPD: 0
]]></system-out>
  </testcase>
  <testcase name="testNextEMIDueIsDisplayed" classname="tests.AccountsDetailsTest" time="0.704">
    <system-out><![CDATA[13:05:48.440 [main] INFO  tests.AccountsDetailsTest - Verifying Next EMI Due is displayed in info grid
13:05:49.130 [main] INFO  tests.AccountsDetailsTest - Next EMI Due: 08 Jul 2026
]]></system-out>
  </testcase>
  <testcase name="testCurrentLiabilityIsDisplayed" classname="tests.AccountsDetailsTest" time="0.231">
    <system-out><![CDATA[13:05:51.248 [main] INFO  tests.AccountsDetailsTest - Verifying Current Liability is displayed in info grid
13:05:51.487 [main] INFO  tests.AccountsDetailsTest - Current Liability: ₹222
]]></system-out>
  </testcase>
  <testcase name="testDisbursedAmountCardIsDisplayed" classname="tests.AccountsDetailsTest" time="30.429">
    <failure message="Expected condition failed: waiting for visibility of Proxy element for: DefaultElementLocator &apos;By.xpath: (//*[contains(normalize-space(.),&apos;DISBURSED AMOUNT&apos;) and not(contains(normalize-space(.),&apos;NET OUTSTANDING&apos;)) and not(contains(normalize-space(.),&apos;PAID AMOUNT&apos;)) and not(contains(normalize-space(.),&apos;OVERDUE&apos;))])[1]&apos; (tried for 15 second(s) with 500 milliseconds interval)" type="org.openqa.selenium.TimeoutException"><![CDATA[org.openqa.selenium.TimeoutException: Expected condition failed: waiting for visibility of Proxy element for: DefaultElementLocator 'By.xpath: (//*[contains(normalize-space(.),'DISBURSED AMOUNT') and not(contains(normalize-space(.),'NET OUTSTANDING')) and not(contains(normalize-space(.),'PAID AMOUNT')) and not(contains(normalize-space(.),'OVERDUE'))])[1]' (tried for 15 second(s) with 500 milliseconds interval)
	at org.openqa.selenium.support.ui.WebDriverWait.timeoutException(WebDriverWait.java:84)
	at org.openqa.selenium.support.ui.FluentWait.until(FluentWait.java:228)
	at accounts.AccountDetailsPage.getDisbursedAmount(AccountDetailsPage.java:207)
	at tests.AccountsDetailsTest.testDisbursedAmountCardIsDisplayed(AccountsDetailsTest.java:174)
	at java.base/jdk.internal.reflect.DirectMethodHandleAccessor.invoke(DirectMethodHandleAccessor.java:104)
	at java.base/java.lang.reflect.Method.invoke(Method.java:565)
	at org.testng.internal.invokers.MethodInvocationHelper.invokeMethod(MethodInvocationHelper.java:139)
	at org.testng.internal.invokers.TestInvoker.invokeMethod(TestInvoker.java:664)
	at org.testng.internal.invokers.TestInvoker.invokeTestMethod(TestInvoker.java:227)
	at org.testng.internal.invokers.MethodRunner.runInSequence(MethodRunner.java:50)
	at org.testng.internal.invokers.TestInvoker$MethodInvocationAgent.invoke(TestInvoker.java:957)
	at org.testng.internal.invokers.TestInvoker.invokeTestMethods(TestInvoker.java:200)
	at org.testng.internal.invokers.TestMethodWorker.invokeTestMethods(TestMethodWorker.java:148)
	at org.testng.internal.invokers.TestMethodWorker.run(TestMethodWorker.java:128)
	at java.base/java.util.ArrayList.forEach(ArrayList.java:1604)
	at org.testng.TestRunner.privateRun(TestRunner.java:848)
	at org.testng.TestRunner.run(TestRunner.java:621)
	at org.testng.SuiteRunner.runTest(SuiteRunner.java:443)
	at org.testng.SuiteRunner.runSequentially(SuiteRunner.java:437)
	at org.testng.SuiteRunner.privateRun(SuiteRunner.java:397)
	at org.testng.SuiteRunner.run(SuiteRunner.java:336)
	at org.testng.SuiteRunnerWorker.runSuite(SuiteRunnerWorker.java:52)
	at org.testng.SuiteRunnerWorker.run(SuiteRunnerWorker.java:95)
	at org.testng.TestNG.runSuitesSequentially(TestNG.java:1280)
	at org.testng.TestNG.runSuitesLocally(TestNG.java:1200)
	at org.testng.TestNG.runSuites(TestNG.java:1114)
	at org.testng.TestNG.run(TestNG.java:1082)
	at org.apache.maven.surefire.testng.TestNGExecutor.run(TestNGExecutor.java:308)
	at org.apache.maven.surefire.testng.TestNGXmlTestSuite.execute(TestNGXmlTestSuite.java:71)
	at org.apache.maven.surefire.testng.TestNGProvider.invoke(TestNGProvider.java:113)
	at org.apache.maven.surefire.booter.ForkedBooter.runSuitesInProcess(ForkedBooter.java:385)
	at org.apache.maven.surefire.booter.ForkedBooter.execute(ForkedBooter.java:162)
	at org.apache.maven.surefire.booter.ForkedBooter.run(ForkedBooter.java:507)
	at org.apache.maven.surefire.booter.ForkedBooter.main(ForkedBooter.java:495)
Caused by: org.openqa.selenium.NoSuchElementException: no such element: Unable to locate element: {"method":"xpath","selector":"(//*[contains(normalize-space(.),'DISBURSED AMOUNT') and not(contains(normalize-space(.),'NET OUTSTANDING')) and not(contains(normalize-space(.),'PAID AMOUNT')) and not(contains(normalize-space(.),'OVERDUE'))])[1]"}
  (Session info: chrome=149.0.7827.199)
For documentation on this error, please visit: https://www.selenium.dev/documentation/webdriver/troubleshooting/errors#no-such-element-exception
Build info: version: '4.22.0', revision: 'c5f3146703*'
System info: os.name: 'Windows 11', os.arch: 'amd64', os.version: '10.0', java.version: '25.0.2'
Driver info: org.openqa.selenium.chrome.ChromeDriver
Command: [433e0354c54aa7d48da7459a2cc96de2, findElement {value=(//*[contains(normalize-space(.),'DISBURSED AMOUNT') and not(contains(normalize-space(.),'NET OUTSTANDING')) and not(contains(normalize-space(.),'PAID AMOUNT')) and not(contains(normalize-space(.),'OVERDUE'))])[1], using=xpath}]
Capabilities {acceptInsecureCerts: false, browserName: chrome, browserVersion: 149.0.7827.199, chrome: {chromedriverVersion: 149.0.7827.155 (07b52360cc1..., userDataDir: C:\Users\i-tech\AppData\Loc...}, fedcm:accounts: true, goog:chromeOptions: {debuggerAddress: localhost:49986}, goog:processID: 18800, networkConnectionEnabled: false, pageLoadStrategy: normal, platformName: windows, proxy: Proxy(), se:cdp: ws://localhost:49986/devtoo..., se:cdpVersion: 149.0.7827.199, setWindowRect: true, strictFileInteractability: false, timeouts: {implicit: 0, pageLoad: 300000, script: 30000}, unhandledPromptBehavior: dismiss and notify, webauthn:extension:credBlob: true, webauthn:extension:largeBlob: true, webauthn:extension:minPinLength: true, webauthn:extension:prf: true, webauthn:virtualAuthenticators: true}
Session ID: 433e0354c54aa7d48da7459a2cc96de2
	at java.base/jdk.internal.reflect.DirectConstructorHandleAccessor.newInstance(DirectConstructorHandleAccessor.java:62)
	at java.base/java.lang.reflect.Constructor.newInstanceWithCaller(Constructor.java:499)
	at java.base/java.lang.reflect.Constructor.newInstance(Constructor.java:483)
	at org.openqa.selenium.remote.ErrorCodec.decode(ErrorCodec.java:167)
	at org.openqa.selenium.remote.codec.w3c.W3CHttpResponseCodec.decode(W3CHttpResponseCodec.java:138)
	at org.openqa.selenium.remote.codec.w3c.W3CHttpResponseCodec.decode(W3CHttpResponseCodec.java:50)
	at org.openqa.selenium.remote.HttpCommandExecutor.execute(HttpCommandExecutor.java:190)
	at org.openqa.selenium.remote.service.DriverCommandExecutor.invokeExecute(DriverCommandExecutor.java:216)
	at org.openqa.selenium.remote.service.DriverCommandExecutor.execute(DriverCommandExecutor.java:174)
	at org.openqa.selenium.remote.RemoteWebDriver.execute(RemoteWebDriver.java:518)
	at org.openqa.selenium.remote.ElementLocation$ElementFinder$2.findElement(ElementLocation.java:165)
	at org.openqa.selenium.remote.ElementLocation.findElement(ElementLocation.java:59)
	at org.openqa.selenium.remote.RemoteWebDriver.findElement(RemoteWebDriver.java:355)
	at org.openqa.selenium.remote.RemoteWebDriver.findElement(RemoteWebDriver.java:349)
	at org.openqa.selenium.support.pagefactory.DefaultElementLocator.findElement(DefaultElementLocator.java:68)
	at org.openqa.selenium.support.pagefactory.internal.LocatingElementHandler.invoke(LocatingElementHandler.java:38)
	at jdk.proxy2/jdk.proxy2.$Proxy28.isDisplayed(Unknown Source)
	at org.openqa.selenium.support.ui.ExpectedConditions.elementIfVisible(ExpectedConditions.java:304)
	at org.openqa.selenium.support.ui.ExpectedConditions$10.apply(ExpectedConditions.java:290)
	at org.openqa.selenium.support.ui.ExpectedConditions$10.apply(ExpectedConditions.java:287)
	at org.openqa.selenium.support.ui.FluentWait.until(FluentWait.java:203)
	... 32 more
]]></failure>
    <system-out><![CDATA[13:05:53.154 [main] INFO  tests.AccountsDetailsTest - Verifying DISBURSED AMOUNT card is shown
--- DOM DUMP ---
<html lang="en" data-font-family="inter" data-density="comfortable" data-radius="md" data-font-size="base" data-table-style="plain" data-layout-mode="fluid" style="--primary: hsl(221, 83%, 53%); --primary-foreground: hsl(0, 0%, 100%); --ring: hsl(221, 83%, 53%); --sidebar-primary: hsl(221, 83%, 53%); --sidebar-primary-foreground: hsl(0, 0%, 100%);"><head>
    <meta charset="UTF-8">
    
    <meta name="viewport" content="width=device-width, initial-scale=1.0">
    <title>lms-product</title>
    <script src="https://challenges.cloudflare.com/turnstile/v0/api.js" async="" defer=""></script>
    <script type="module" crossorigin="" src="/assets/index-5myg0eLp.js"></script>
    <link rel="stylesheet" crossorigin="" href="/assets/index-CMiMbgX1.css">
  <style type="text/css">[data-sonner-toaster][dir=ltr],html[dir=ltr]{--toast-icon-margin-start:-3px;--toast-icon-margin-end:4px;--toast-svg-margin-start:-1px;--toast-svg-margin-end:0px;--toast-button-margin-start:auto;--toast-button-margin-end:0;--toast-close-button-start:0;--toast-close-button-end:unset;--toast-close-button-transform:translate(-35%, -35%)}[data-sonner-toaster][dir=rtl],html[dir=rtl]{--toast-icon-margin-start:4px;--toast-icon-margin-end:-3px;--toast-svg-margin-start:0px;--toast-svg-margin-end:-1px;--toast-button-margin-start:0;--toast-button-margin-end:auto;--toast-close-button-start:unset;--toast-close-button-end:0;--toast-close-button-transform:translate(35%, -35%)}[data-sonner-toaster]{position:fixed;width:var(--width);font-family:ui-sans-serif,system-ui,-apple-system,BlinkMacSystemFont,Segoe UI,Roboto,Helvetica Neue,Arial,Noto Sans,sans-serif,Apple Color Emoji,Segoe UI Emoji,Segoe UI Symbol,Noto Color Emoji;--gray1:hsl(0, 0%, 99%);--gray2:hsl(0, 0%, 97.3%);--gray3:hsl(0, 0%, 95.1%);--gray4:hsl(0, 0%, 93%);--gray5:hsl(0, 0%, 90.9%);--gray6:hsl(0, 0%, 88.7%);--gray7:hsl(0, 0%, 85.8%);--gray8:hsl(0, 0%, 78%);--gray9:hsl(0, 0%, 56.1%);--gray10:hsl(0, 0%, 52.3%);--gray11:hsl(0, 0%, 43.5%);--gray12:hsl(0, 0%, 9%);--border-radius:8px;box-sizing:border-box;padding:0;margin:0;list-style:none;outline:0;z-index:999999999;transition:transform .4s ease}@media (hover:none) and (pointer:coarse){[data-sonner-toaster][data-lifted=true]{transform:none}}[data-sonner-toaster][data-x-position=right]{right:var(--offset-right)}[data-sonner-toaster][data-x-position=left]{left:var(--offset-left)}[data-sonner-toaster][data-x-position=center]{left:50%;transform:translateX(-50%)}[data-sonner-toaster][data-y-position=top]{top:var(--offset-top)}[data-sonner-toaster][data-y-position=bottom]{bottom:var(--offset-bottom)}[data-sonner-toast]{--y:translateY(100%);--lift-amount:calc(var(--lift) * var(--gap));z-index:var(--z-index);position:absolute;opacity:0;transform:var(--y);touch-action:none;transition:transform .4s,opacity .4s,height .4s,box-shadow .2s;box-sizing:border-box;outline:0;overflow-wrap:anywhere}[data-sonner-toast][data-styled=true]{padding:16px;background:var(--normal-bg);border:1px solid var(--normal-border);color:var(--normal-text);border-radius:var(--border-radius);box-shadow:0 4px 12px rgba(0,0,0,.1);width:var(--width);font-size:13px;display:flex;align-items:center;gap:6px}[data-sonner-toast]:focus-visible{box-shadow:0 4px 12px rgba(0,0,0,.1),0 0 0 2px rgba(0,0,0,.2)}[data-sonner-toast][data-y-position=top]{top:0;--y:translateY(-100%);--lift:1;--lift-amount:calc(1 * var(--gap))}[data-sonner-toast][data-y-position=bottom]{bottom:0;--y:translateY(100%);--lift:-1;--lift-amount:calc(var(--lift) * var(--gap))}[data-sonner-toast][data-styled=true] [data-description]{font-weight:400;line-height:1.4;color:#3f3f3f}[data-rich-colors=true][data-sonner-toast][data-styled=true] [data-description]{color:inherit}[data-sonner-toaster][data-sonner-theme=dark] [data-description]{color:#e8e8e8}[data-sonner-toast][data-styled=true] [data-title]{font-weight:500;line-height:1.5;color:inherit}[data-sonner-toast][data-styled=true] [data-icon]{display:flex;height:16px;width:16px;position:relative;justify-content:flex-start;align-items:center;flex-shrink:0;margin-left:var(--toast-icon-margin-start);margin-right:var(--toast-icon-margin-end)}[data-sonner-toast][data-promise=true] [data-icon]>svg{opacity:0;transform:scale(.8);transform-origin:center;animation:sonner-fade-in .3s ease forwards}[data-sonner-toast][data-styled=true] [data-icon]>*{flex-shrink:0}[data-sonner-toast][data-styled=true] [data-icon] svg{margin-left:var(--toast-svg-margin-start);margin-right:var(--toast-svg-margin-end)}[data-sonner-toast][data-styled=true] [data-content]{display:flex;flex-direction:column;gap:2px}[data-sonner-toast][data-styled=true] [data-button]{border-radius:4px;padding-left:8px;padding-right:8px;height:24px;font-size:12px;color:var(--normal-bg);background:var(--normal-text);margin-left:var(--toast-button-margin-start);margin-right:var(--toast-button-margin-end);border:none;font-weight:500;cursor:pointer;outline:0;display:flex;align-items:center;flex-shrink:0;transition:opacity .4s,box-shadow .2s}[data-sonner-toast][data-styled=true] [data-button]:focus-visible{box-shadow:0 0 0 2px rgba(0,0,0,.4)}[data-sonner-toast][data-styled=true] [data-button]:first-of-type{margin-left:var(--toast-button-margin-start);margin-right:var(--toast-button-margin-end)}[data-sonner-toast][data-styled=true] [data-cancel]{color:var(--normal-text);background:rgba(0,0,0,.08)}[data-sonner-toaster][data-sonner-theme=dark] [data-sonner-toast][data-styled=true] [data-cancel]{background:rgba(255,255,255,.3)}[data-sonner-toast][data-styled=true] [data-close-button]{position:absolute;left:var(--toast-close-button-start);right:var(--toast-close-button-end);top:0;height:20px;width:20px;display:flex;justify-content:center;align-items:center;padding:0;color:var(--gray12);background:var(--normal-bg);border:1px solid var(--gray4);transform:var(--toast-close-button-transform);border-radius:50%;cursor:pointer;z-index:1;transition:opacity .1s,background .2s,border-color .2s}[data-sonner-toast][data-styled=true] [data-close-button]:focus-visible{box-shadow:0 4px 12px rgba(0,0,0,.1),0 0 0 2px rgba(0,0,0,.2)}[data-sonner-toast][data-styled=true] [data-disabled=true]{cursor:not-allowed}[data-sonner-toast][data-styled=true]:hover [data-close-button]:hover{background:var(--gray2);border-color:var(--gray5)}[data-sonner-toast][data-swiping=true]::before{content:'';position:absolute;left:-100%;right:-100%;height:100%;z-index:-1}[data-sonner-toast][data-y-position=top][data-swiping=true]::before{bottom:50%;transform:scaleY(3) translateY(50%)}[data-sonner-toast][data-y-position=bottom][data-swiping=true]::before{top:50%;transform:scaleY(3) translateY(-50%)}[data-sonner-toast][data-swiping=false][data-removed=true]::before{content:'';position:absolute;inset:0;transform:scaleY(2)}[data-sonner-toast][data-expanded=true]::after{content:'';position:absolute;left:0;height:calc(var(--gap) + 1px);bottom:100%;width:100%}[data-sonner-toast][data-mounted=true]{--y:translateY(0);opacity:1}[data-sonner-toast][data-expanded=false][data-front=false]{--scale:var(--toasts-before) * 0.05 + 1;--y:translateY(calc(var(--lift-amount) * var(--toasts-before))) scale(calc(-1 * var(--scale)));height:var(--front-toast-height)}[data-sonner-toast]>*{transition:opacity .4s}[data-sonner-toast][data-x-position=right]{right:0}[data-sonner-toast][data-x-position=left]{left:0}[data-sonner-toast][data-expanded=false][data-front=false][data-styled=true]>*{opacity:0}[data-sonner-toast][data-visible=false]{opacity:0;pointer-events:none}[data-sonner-toast][data-mounted=true][data-expanded=true]{--y:translateY(calc(var(--lift) * var(--offset)));height:var(--initial-height)}[data-sonner-toast][data-removed=true][data-front=true][data-swipe-out=false]{--y:translateY(calc(var(--lift) * -100%));opacity:0}[data-sonner-toast][data-removed=true][data-front=false][data-swipe-out=false][data-expanded=true]{--y:translateY(calc(var(--lift) * var(--offset) + var(--lift) * -100%));opacity:0}[data-sonner-toast][data-removed=true][data-front=false][data-swipe-out=false][data-expanded=false]{--y:translateY(40%);opacity:0;transition:transform .5s,opacity .2s}[data-sonner-toast][data-removed=true][data-front=false]::before{height:calc(var(--initial-height) + 20%)}[data-sonner-toast][data-swiping=true]{transform:var(--y) translateY(var(--swipe-amount-y,0)) translateX(var(--swipe-amount-x,0));transition:none}[data-sonner-toast][data-swiped=true]{user-select:none}[data-sonner-toast][data-swipe-out=true][data-y-position=bottom],[data-sonner-toast][data-swipe-out=true][data-y-position=top]{animation-duration:.2s;animation-timing-function:ease-out;animation-fill-mode:forwards}[data-sonner-toast][data-swipe-out=true][data-swipe-direction=left]{animation-name:swipe-out-left}[data-sonner-toast][data-swipe-out=true][data-swipe-direction=right]{animation-name:swipe-out-right}[data-sonner-toast][data-swipe-out=true][data-swipe-direction=up]{animation-name:swipe-out-up}[data-sonner-toast][data-swipe-out=true][data-swipe-direction=down]{animation-name:swipe-out-down}@keyframes swipe-out-left{from{transform:var(--y) translateX(var(--swipe-amount-x));opacity:1}to{transform:var(--y) translateX(calc(var(--swipe-amount-x) - 100%));opacity:0}}@keyframes swipe-out-right{from{transform:var(--y) translateX(var(--swipe-amount-x));opacity:1}to{transform:var(--y) translateX(calc(var(--swipe-amount-x) + 100%));opacity:0}}@keyframes swipe-out-up{from{transform:var(--y) translateY(var(--swipe-amount-y));opacity:1}to{transform:var(--y) translateY(calc(var(--swipe-amount-y) - 100%));opacity:0}}@keyframes swipe-out-down{from{transform:var(--y) translateY(var(--swipe-amount-y));opacity:1}to{transform:var(--y) translateY(calc(var(--swipe-amount-y) + 100%));opacity:0}}@media (max-width:600px){[data-sonner-toaster]{position:fixed;right:var(--mobile-offset-right);left:var(--mobile-offset-left);width:100%}[data-sonner-toaster][dir=rtl]{left:calc(var(--mobile-offset-left) * -1)}[data-sonner-toaster] [data-sonner-toast]{left:0;right:0;width:calc(100% - var(--mobile-offset-left) * 2)}[data-sonner-toaster][data-x-position=left]{left:var(--mobile-offset-left)}[data-sonner-toaster][data-y-position=bottom]{bottom:var(--mobile-offset-bottom)}[data-sonner-toaster][data-y-position=top]{top:var(--mobile-offset-top)}[data-sonner-toaster][data-x-position=center]{left:var(--mobile-offset-left);right:var(--mobile-offset-right);transform:none}}[data-sonner-toaster][data-sonner-theme=light]{--normal-bg:#fff;--normal-border:var(--gray4);--normal-text:var(--gray12);--success-bg:hsl(143, 85%, 96%);--success-border:hsl(145, 92%, 87%);--success-text:hsl(140, 100%, 27%);--info-bg:hsl(208, 100%, 97%);--info-border:hsl(221, 91%, 93%);--info-text:hsl(210, 92%, 45%);--warning-bg:hsl(49, 100%, 97%);--warning-border:hsl(49, 91%, 84%);--warning-text:hsl(31, 92%, 45%);--error-bg:hsl(359, 100%, 97%);--error-border:hsl(359, 100%, 94%);--error-text:hsl(360, 100%, 45%)}[data-sonner-toaster][data-sonner-theme=light] [data-sonner-toast][data-invert=true]{--normal-bg:#000;--normal-border:hsl(0, 0%, 20%);--normal-text:var(--gray1)}[data-sonner-toaster][data-sonner-theme=dark] [data-sonner-toast][data-invert=true]{--normal-bg:#fff;--normal-border:var(--gray3);--normal-text:var(--gray12)}[data-sonner-toaster][data-sonner-theme=dark]{--normal-bg:#000;--normal-bg-hover:hsl(0, 0%, 12%);--normal-border:hsl(0, 0%, 20%);--normal-border-hover:hsl(0, 0%, 25%);--normal-text:var(--gray1);--success-bg:hsl(150, 100%, 6%);--success-border:hsl(147, 100%, 12%);--success-text:hsl(150, 86%, 65%);--info-bg:hsl(215, 100%, 6%);--info-border:hsl(223, 43%, 17%);--info-text:hsl(216, 87%, 65%);--warning-bg:hsl(64, 100%, 6%);--warning-border:hsl(60, 100%, 9%);--warning-text:hsl(46, 87%, 65%);--error-bg:hsl(358, 76%, 10%);--error-border:hsl(357, 89%, 16%);--error-text:hsl(358, 100%, 81%)}[data-sonner-toaster][data-sonner-theme=dark] [data-sonner-toast] [data-close-button]{background:var(--normal-bg);border-color:var(--normal-border);color:var(--normal-text)}[data-sonner-toaster][data-sonner-theme=dark] [data-sonner-toast] [data-close-button]:hover{background:var(--normal-bg-hover);border-color:var(--normal-border-hover)}[data-rich-colors=true][data-sonner-toast][data-type=success]{background:var(--success-bg);border-color:var(--success-border);color:var(--success-text)}[data-rich-colors=true][data-sonner-toast][data-type=success] [data-close-button]{background:var(--success-bg);border-color:var(--success-border);color:var(--success-text)}[data-rich-colors=true][data-sonner-toast][data-type=info]{background:var(--info-bg);border-color:var(--info-border);color:var(--info-text)}[data-rich-colors=true][data-sonner-toast][data-type=info] [data-close-button]{background:var(--info-bg);border-color:var(--info-border);color:var(--info-text)}[data-rich-colors=true][data-sonner-toast][data-type=warning]{background:var(--warning-bg);border-color:var(--warning-border);color:var(--warning-text)}[data-rich-colors=true][data-sonner-toast][data-type=warning] [data-close-button]{background:var(--warning-bg);border-color:var(--warning-border);color:var(--warning-text)}[data-rich-colors=true][data-sonner-toast][data-type=error]{background:var(--error-bg);border-color:var(--error-border);color:var(--error-text)}[data-rich-colors=true][data-sonner-toast][data-type=error] [data-close-button]{background:var(--error-bg);border-color:var(--error-border);color:var(--error-text)}.sonner-loading-wrapper{--size:16px;height:var(--size);width:var(--size);position:absolute;inset:0;z-index:10}.sonner-loading-wrapper[data-visible=false]{transform-origin:center;animation:sonner-fade-out .2s ease forwards}.sonner-spinner{position:relative;top:50%;left:50%;height:var(--size);width:var(--size)}.sonner-loading-bar{animation:sonner-spin 1.2s linear infinite;background:var(--gray11);border-radius:6px;height:8%;left:-10%;position:absolute;top:-3.9%;width:24%}.sonner-loading-bar:first-child{animation-delay:-1.2s;transform:rotate(.0001deg) translate(146%)}.sonner-loading-bar:nth-child(2){animation-delay:-1.1s;transform:rotate(30deg) translate(146%)}.sonner-loading-bar:nth-child(3){animation-delay:-1s;transform:rotate(60deg) translate(146%)}.sonner-loading-bar:nth-child(4){animation-delay:-.9s;transform:rotate(90deg) translate(146%)}.sonner-loading-bar:nth-child(5){animation-delay:-.8s;transform:rotate(120deg) translate(146%)}.sonner-loading-bar:nth-child(6){animation-delay:-.7s;transform:rotate(150deg) translate(146%)}.sonner-loading-bar:nth-child(7){animation-delay:-.6s;transform:rotate(180deg) translate(146%)}.sonner-loading-bar:nth-child(8){animation-delay:-.5s;transform:rotate(210deg) translate(146%)}.sonner-loading-bar:nth-child(9){animation-delay:-.4s;transform:rotate(240deg) translate(146%)}.sonner-loading-bar:nth-child(10){animation-delay:-.3s;transform:rotate(270deg) translate(146%)}.sonner-loading-bar:nth-child(11){animation-delay:-.2s;transform:rotate(300deg) translate(146%)}.sonner-loading-bar:nth-child(12){animation-delay:-.1s;transform:rotate(330deg) translate(146%)}@keyframes sonner-fade-in{0%{opacity:0;transform:scale(.8)}100%{opacity:1;transform:scale(1)}}@keyframes sonner-fade-out{0%{opacity:1;transform:scale(1)}100%{opacity:0;transform:scale(.8)}}@keyframes sonner-spin{0%{opacity:1}100%{opacity:.15}}@media (prefers-reduced-motion){.sonner-loading-bar,[data-sonner-toast],[data-sonner-toast]>*{transition:none!important;animation:none!important}}.sonner-loader{position:absolute;top:50%;left:50%;transform:translate(-50%,-50%);transform-origin:center;transition:opacity .2s,transform .2s}.sonner-loader[data-visible=false]{opacity:0;transform:scale(.8) translate(-50%,-50%)}</style><style id="gauge-fade-in-style">
@keyframes gaugeComponentFadeIn {
  from { opacity: 0; }
  to { opacity: 1; }
}
</style><link id="gfont-config" rel="stylesheet"><link id="app-favicon" rel="icon" type="image/png" href="https://cbslms.s3.ap-south-1.amazonaws.com/static/Documents/2026/6/19/2041b671-b62e-4766-a769-1683364bfd8a.png?v=24905"></head>
  <body>
    <div id="root"><section aria-label="Notifications alt+T" tabindex="-1" aria-live="polite" aria-relevant="additions text" aria-atomic="false"></section><div class="flex h-screen bg-muted "><aside class="
          bg-sidebar  text-sidebar-foreground 
          
          transition-all duration-300 ease-in-out shadow-md
          w-14
          flex flex-col h-screen
          
        "><div class="flex items-center min-h-14 px-4 border-b border-sidebar-border overflow-hidden"><div class="flex justify-center w-full"><svg xmlns="http://www.w3.org/2000/svg" width="24" height="24" viewBox="0 0 24 24" fill="none" stroke="currentColor" stroke-width="2" stroke-linecap="round" stroke-linejoin="round" class="lucide lucide-panel-left text-sidebar-primary" aria-hidden="true"><rect width="18" height="18" x="3" y="3" rx="2"></rect><path d="M9 3v18"></path></svg></div></div><nav class="grow overflow-y-auto p-2"><ul class="space-y-1"><li class="w-full cursor-pointer"><div class="
          flex items-center w-full px-2 py-2 transition-all duration-200 ease-in-out
          text-sidebar-foreground hover:bg-sidebar-accent
          
          
          rounded-r-md my-0.5
        "><span class="shrink-0 "><svg xmlns="http://www.w3.org/2000/svg" width="20" height="20" viewBox="0 0 24 24" fill="none" stroke="currentColor" stroke-width="2" stroke-linecap="round" stroke-linejoin="round" class="lucide lucide-house text-sm font-['Roboto','sans-serif'] text-sidebar-foreground" aria-hidden="true"><path d="M15 21v-8a1 1 0 0 0-1-1h-4a1 1 0 0 0-1 1v8"></path><path d="M3 10a2 2 0 0 1 .709-1.528l7-6a2 2 0 0 1 2.582 0l7 6A2 2 0 0 1 21 10v9a2 2 0 0 1-2 2H5a2 2 0 0 1-2-2z"></path></svg></span></div></li><li class="w-full cursor-pointer"><div class="
          flex items-center w-full px-2 py-2 transition-all duration-200 ease-in-out
          bg-primary/10 text-primary border-l-2 border-primary shadow-sm
          
          
          rounded-r-md my-0.5
        "><span class="shrink-0 "><svg xmlns="http://www.w3.org/2000/svg" width="20" height="20" viewBox="0 0 24 24" fill="none" stroke="currentColor" stroke-width="2" stroke-linecap="round" stroke-linejoin="round" class="lucide lucide-file-text text-sm font-['Roboto','sans-serif'] text-primary" aria-hidden="true"><path d="M6 22a2 2 0 0 1-2-2V4a2 2 0 0 1 2-2h8a2.4 2.4 0 0 1 1.704.706l3.588 3.588A2.4 2.4 0 0 1 20 8v12a2 2 0 0 1-2 2z"></path><path d="M14 2v5a1 1 0 0 0 1 1h5"></path><path d="M10 9H8"></path><path d="M16 13H8"></path><path d="M16 17H8"></path></svg></span></div></li><li class="w-full cursor-pointer"><div class="
          flex items-center w-full px-2 py-2 transition-all duration-200 ease-in-out
          text-sidebar-foreground hover:bg-sidebar-accent
          
          
          rounded-r-md my-0.5
        "><span class="shrink-0 "><svg xmlns="http://www.w3.org/2000/svg" width="20" height="20" viewBox="0 0 24 24" fill="none" stroke="currentColor" stroke-width="2" stroke-linecap="round" stroke-linejoin="round" class="lucide lucide-file-text text-sm font-['Roboto','sans-serif'] text-sidebar-foreground" aria-hidden="true"><path d="M6 22a2 2 0 0 1-2-2V4a2 2 0 0 1 2-2h8a2.4 2.4 0 0 1 1.704.706l3.588 3.588A2.4 2.4 0 0 1 20 8v12a2 2 0 0 1-2 2z"></path><path d="M14 2v5a1 1 0 0 0 1 1h5"></path><path d="M10 9H8"></path><path d="M16 13H8"></path><path d="M16 17H8"></path></svg></span></div></li></ul></nav></aside><div class="flex-1 flex flex-col overflow-hidden"><header class="bg-background dark:bg-background border-b border-border dark:border-border"><div class="min-h-14 px-4  flex items-center justify-between"><div class="relative"><button class="flex items-center space-x-2 px-3 py-1.5  rounded-xl border border-border/60 bg-background/70 hover:bg-background hover:border-border transition-all duration-200 shadow-sm hover:shadow-md backdrop-blur-sm "><div class="w-6 h-6 rounded-lg bg-linear-to-br from-emerald-500 to-emerald-600 flex items-center justify-center shadow-sm"><svg xmlns="http://www.w3.org/2000/svg" width="12" height="12" viewBox="0 0 24 24" fill="none" stroke="currentColor" stroke-width="2" stroke-linecap="round" stroke-linejoin="round" class="lucide lucide-file-text text-white" aria-hidden="true"><path d="M6 22a2 2 0 0 1-2-2V4a2 2 0 0 1 2-2h8a2.4 2.4 0 0 1 1.704.706l3.588 3.588A2.4 2.4 0 0 1 20 8v12a2 2 0 0 1-2 2z"></path><path d="M14 2v5a1 1 0 0 0 1 1h5"></path><path d="M10 9H8"></path><path d="M16 13H8"></path><path d="M16 17H8"></path></svg></div><span class="text-xs font-semibold text-foreground">LMS</span><svg xmlns="http://www.w3.org/2000/svg" width="16" height="16" viewBox="0 0 24 24" fill="none" stroke="currentColor" stroke-width="2" stroke-linecap="round" stroke-linejoin="round" class="lucide lucide-chevron-down text-muted-foreground transition-all duration-200" aria-hidden="true"><path d="m6 9 6 6 6-6"></path></svg></button></div><div class="w-xl"><div class="relative group cursor-pointer transition-all duration-200"><div class="relative flex items-center w-full bg-muted border border-border rounded-xl hover:bg-accent hover:border-border focus-within:bg-background focus-within:border-primary focus-within:ring-2 focus-within:ring-ring/20 transition-all duration-200"><div class="absolute left-3 top-1/2 transform -translate-y-1/2"><svg xmlns="http://www.w3.org/2000/svg" width="18" height="18" viewBox="0 0 24 24" fill="none" stroke="currentColor" stroke-width="2" stroke-linecap="round" stroke-linejoin="round" class="lucide lucide-search text-muted-foreground group-hover:text-foreground transition-colors duration-200" aria-hidden="true"><path d="m21 21-4.34-4.34"></path><circle cx="11" cy="11" r="8"></circle></svg></div><input placeholder="Search applications, products…" readonly="" class="w-full pl-10 pr-20 py-2.5 text-sm bg-transparent text-foreground placeholder-muted-foreground focus:outline-none cursor-pointer" type="text"><div class="absolute right-3 top-1/2 transform -translate-y-1/2 flex items-center space-x-1"><kbd class="px-1.5 py-0.5 bg-muted/80 border border-border rounded text-[10px] font-mono text-muted-foreground group-hover:bg-accent transition-colors duration-200">⌘</kbd><kbd class="px-1.5 py-0.5 bg-muted/80 border border-border rounded text-[10px] font-mono text-muted-foreground group-hover:bg-accent transition-colors duration-200">K</kbd></div></div></div></div><div class="flex items-center justify-between space-x-3 ml-4"><div class="flex items-center gap-2"><button class="relative flex items-center gap-2 px-2 py-1.5 rounded-xl border border-border/60 dark:border-border/80 bg-gradient-to-b from-background to-accent/20 dark:from-card dark:to-card/80 hover:from-accent/30 hover:to-accent/50 dark:hover:from-accent/20 dark:hover:to-accent/40 hover:border-border/80 dark:hover:border-primary/50 transition-all duration-300 shadow-sm dark:shadow-[0_2px_10px_rgba(0,0,0,0.2)] hover:shadow-md active:scale-95 group overflow-hidden" type="button" id="radix-_r_0_" aria-haspopup="menu" aria-expanded="false" data-state="closed" data-slot="dropdown-menu-trigger"><div class="absolute inset-0 bg-primary/5 dark:bg-primary/10 opacity-0 group-hover:opacity-100 transition-opacity duration-300 pointer-events-none"></div><div class="relative w-8 h-8 rounded-lg bg-gradient-to-br from-primary/10 to-primary/20 dark:from-primary/20 dark:to-primary/30 flex items-center justify-center text-primary group-hover:scale-105 transition-transform duration-300 shadow-sm dark:shadow-none border border-primary/10 dark:border-primary/20 shrink-0"><svg xmlns="http://www.w3.org/2000/svg" width="21" height="21" viewBox="0 0 24 24" fill="none" stroke="currentColor" stroke-width="2" stroke-linecap="round" stroke-linejoin="round" class="lucide lucide-layout-grid drop-shadow-sm dark:drop-shadow-[0_0_8px_rgba(255,255,255,0.1)]" aria-hidden="true"><rect width="7" height="7" x="3" y="3" rx="1"></rect><rect width="7" height="7" x="14" y="3" rx="1"></rect><rect width="7" height="7" x="14" y="14" rx="1"></rect><rect width="7" height="7" x="3" y="14" rx="1"></rect></svg></div><div class="relative flex flex-col items-start min-w-[95px]"><span class="text-[8px] font-extrabold text-primary/70 dark:text-primary/90 uppercase tracking-[0.1em] leading-none mb-0.5">Product Vertical</span><span class="text-[11px] font-bold text-foreground truncate max-w-[110px] tracking-tight leading-tight">Vehicle Loan</span></div><div class="relative ml-0.5 w-4 h-4 rounded-full bg-accent/80 dark:bg-muted flex items-center justify-center group-hover:bg-primary/10 dark:group-hover:bg-primary/20 transition-colors shrink-0"><svg xmlns="http://www.w3.org/2000/svg" width="10" height="10" viewBox="0 0 24 24" fill="none" stroke="currentColor" stroke-width="2" stroke-linecap="round" stroke-linejoin="round" class="lucide lucide-chevron-down text-muted-foreground group-hover:text-primary transition-colors" aria-hidden="true"><path d="m6 9 6 6 6-6"></path></svg></div></button></div><button class="p-2 rounded-lg border border-border hover:bg-accent text-muted-foreground transition-colors duration-200" aria-label="Toggle theme" title="Switch to dark theme"><svg xmlns="http://www.w3.org/2000/svg" width="18" height="18" viewBox="0 0 24 24" fill="none" stroke="currentColor" stroke-width="2" stroke-linecap="round" stroke-linejoin="round" class="lucide lucide-moon" aria-hidden="true"><path d="M20.985 12.486a9 9 0 1 1-9.473-9.472c.405-.022.617.46.402.803a6 6 0 0 0 8.268 8.268c.344-.215.825-.004.803.401"></path></svg></button><div class="relative"><button class="relative p-2 rounded-lg hover:bg-accent text-muted-foreground transition-all duration-200 hover:scale-105"><svg xmlns="http://www.w3.org/2000/svg" width="20" height="20" viewBox="0 0 24 24" fill="none" stroke="currentColor" stroke-width="2" stroke-linecap="round" stroke-linejoin="round" class="lucide lucide-bell" aria-hidden="true"><path d="M10.268 21a2 2 0 0 0 3.464 0"></path><path d="M3.262 15.326A1 1 0 0 0 4 17h16a1 1 0 0 0 .74-1.673C19.41 13.956 18 12.499 18 8A6 6 0 0 0 6 8c0 4.499-1.411 5.956-2.738 7.326"></path></svg><div class="absolute -bottom-1 -right-1 w-3 h-3 rounded-full border-2 border-background bg-green-500" title="Connected to notifications"></div></button></div><button class="p-2 rounded-lg hover:bg-accent text-muted-foreground"><svg xmlns="http://www.w3.org/2000/svg" width="20" height="20" viewBox="0 0 24 24" fill="none" stroke="currentColor" stroke-width="2" stroke-linecap="round" stroke-linejoin="round" class="lucide lucide-settings" aria-hidden="true"><path d="M9.671 4.136a2.34 2.34 0 0 1 4.659 0 2.34 2.34 0 0 0 3.319 1.915 2.34 2.34 0 0 1 2.33 4.033 2.34 2.34 0 0 0 0 3.831 2.34 2.34 0 0 1-2.33 4.033 2.34 2.34 0 0 0-3.319 1.915 2.34 2.34 0 0 1-4.659 0 2.34 2.34 0 0 0-3.32-1.915 2.34 2.34 0 0 1-2.33-4.033 2.34 2.34 0 0 0 0-3.831A2.34 2.34 0 0 1 6.35 6.051a2.34 2.34 0 0 0 3.319-1.915"></path><circle cx="12" cy="12" r="3"></circle></svg></button><button type="button" id="radix-_r_2_" aria-haspopup="menu" aria-expanded="false" data-state="closed" data-slot="dropdown-menu-trigger"><div class="h-8 w-8 rounded-full bg-primary flex items-center justify-center text-primary-foreground font-medium"><img class="h-8 w-8 rounded-full object-cover" alt="Profile" src="https://cbslms.s3.ap-south-1.amazonaws.com/static/Documents/2026/6/5/f913de86-2f88-4971-92d4-b47e88975f6a.jpeg"></div></button></div></div></header><main class="flex-1 flex flex-col pt-2 px-2 pb-2 overflow-hidden"><div class="flex-1 relative w-full bg-background rounded-xl overflow-y-auto min-h-0"><div class="p-4 space-y-4 bg-background min-h-screen"><div class="border-border p-4 shadow border space-y-2 rounded-md bg-card transition-colors"><div class="  flex items-center justify-between"><div class="flex items-center gap-4 "><div class="w-12 h-12 bg-pink-600 rounded-full flex items-center justify-center text-white font-semibold text-xl">MK</div><div><a data-state="closed" data-slot="tooltip-trigger" href="/vehicle/origination/938" data-discover="true"><h1 class="text-xl inline-flex font-bold text-foreground capitalize underline-offset-2 hover:underline transition-transform hover:text-primary">Miraf Kasum</h1></a><div class="flex flex-wrap items-center gap-x-4 gap-y-2 mt-1"><div class="flex flex-col gap-2"><div class="flex flex-wrap items-center gap-x-4 gap-y-1"><p class="text-muted-foreground text-xs flex items-center gap-1.5 font-normal"><svg xmlns="http://www.w3.org/2000/svg" width="24" height="24" viewBox="0 0 24 24" fill="none" stroke="currentColor" stroke-width="2" stroke-linecap="round" stroke-linejoin="round" class="lucide lucide-file-text w-3.5 h-3.5 text-primary/70 dark:text-primary/50" aria-hidden="true"><path d="M6 22a2 2 0 0 1-2-2V4a2 2 0 0 1 2-2h8a2.4 2.4 0 0 1 1.704.706l3.588 3.588A2.4 2.4 0 0 1 20 8v12a2 2 0 0 1-2 2z"></path><path d="M14 2v5a1 1 0 0 0 1 1h5"></path><path d="M10 9H8"></path><path d="M16 13H8"></path><path d="M16 17H8"></path></svg>LAN: <span class="text-foreground font-medium">VEHICLE_000031</span></p><p class="text-muted-foreground text-xs flex items-center gap-1.5 font-normal"><svg xmlns="http://www.w3.org/2000/svg" width="24" height="24" viewBox="0 0 24 24" fill="none" stroke="currentColor" stroke-width="2" stroke-linecap="round" stroke-linejoin="round" class="lucide lucide-file-text w-3.5 h-3.5 text-primary/70 dark:text-primary/50" aria-hidden="true"><path d="M6 22a2 2 0 0 1-2-2V4a2 2 0 0 1 2-2h8a2.4 2.4 0 0 1 1.704.706l3.588 3.588A2.4 2.4 0 0 1 20 8v12a2 2 0 0 1-2 2z"></path><path d="M14 2v5a1 1 0 0 0 1 1h5"></path><path d="M10 9H8"></path><path d="M16 13H8"></path><path d="M16 17H8"></path></svg>AN: <span class="text-foreground font-medium">APP60282932</span></p><p class="text-muted-foreground text-xs flex items-center gap-1.5 font-normal"><svg xmlns="http://www.w3.org/2000/svg" width="24" height="24" viewBox="0 0 24 24" fill="none" stroke="currentColor" stroke-width="2" stroke-linecap="round" stroke-linejoin="round" class="lucide lucide-file w-3.5 h-3.5 text-primary/70 dark:text-primary/50" aria-hidden="true"><path d="M6 22a2 2 0 0 1-2-2V4a2 2 0 0 1 2-2h8a2.4 2.4 0 0 1 1.704.706l3.588 3.588A2.4 2.4 0 0 1 20 8v12a2 2 0 0 1-2 2z"></path><path d="M14 2v5a1 1 0 0 0 1 1h5"></path></svg>Product Type: <span class="text-foreground font-medium">VEHICLE</span></p><p class="text-muted-foreground text-xs flex items-center gap-1.5 font-normal"><svg xmlns="http://www.w3.org/2000/svg" width="24" height="24" viewBox="0 0 24 24" fill="none" stroke="currentColor" stroke-width="2" stroke-linecap="round" stroke-linejoin="round" class="lucide lucide-calendar w-3.5 h-3.5 text-primary/70 dark:text-primary/50" aria-hidden="true"><path d="M8 2v4"></path><path d="M16 2v4"></path><rect width="18" height="18" x="3" y="4" rx="2"></rect><path d="M3 10h18"></path></svg>Disbursed On: <span class="text-foreground font-medium">01-07-2026</span></p></div></div></div></div></div><div class="flex items-center gap-2"><button class="inline-flex cursor-pointer disabled:cursor-not-allowed gap-x-2 items-center justify-center font-medium transition-colors focus-visible:outline-none focus-visible:ring-1 focus-visible:ring-ring disabled:opacity-50 whitespace-nowrap [&amp;_svg]:size-4 [&amp;_svg]:shrink-0 bg-secondary text-secondary-foreground shadow-sm hover:bg-secondary/80 h-8 rounded-sm text-xs px-2 outline-none" type="button" id="radix-_r_5_" aria-haspopup="menu" aria-expanded="false" data-state="closed"><svg xmlns="http://www.w3.org/2000/svg" width="24" height="24" viewBox="0 0 24 24" fill="none" stroke="currentColor" stroke-width="2" stroke-linecap="round" stroke-linejoin="round" class="lucide lucide-ellipsis w-4 h-4" aria-hidden="true"><circle cx="12" cy="12" r="1"></circle><circle cx="19" cy="12" r="1"></circle><circle cx="5" cy="12" r="1"></circle></svg></button><button class="cursor-pointer [&amp;_svg]:size-4 [&amp;_svg]:shrink-0 p-2 justify-center transition dark:text-emerald-400 rounded-full border py-0 flex items-center gap-1.5 before:content-[''] before:w-1.5 before:h-1.5 before:rounded-full h-6 px-2 text-[0.6rem] bg-emerald-50 border-emerald-100 text-emerald-700 before:bg-emerald-500 dark:bg-emerald-950/20 dark:border-emerald-900/50 font-bold">Active</button></div></div><hr class="border border-border w-full opacity-50"><div class="grid grid-cols-1 sm:grid-cols-2 md:grid-cols-5 gap-4 mt-6"><div class="space-y-1"><p class="text-xs font-medium text-muted-foreground flex items-center gap-1.5"><svg xmlns="http://www.w3.org/2000/svg" width="24" height="24" viewBox="0 0 24 24" fill="none" stroke="currentColor" stroke-width="2" stroke-linecap="round" stroke-linejoin="round" class="lucide lucide-indian-rupee w-4 h-4 text-primary dark:text-primary/80" aria-hidden="true"><path d="M6 3h12"></path><path d="M6 8h12"></path><path d="m6 13 8.5 8"></path><path d="M6 13h3"></path><path d="M9 13c6.667 0 6.667-10 0-10"></path></svg>Loan Amount</p><p class="capitalize text-sm font-normal text-foreground">₹70,000</p></div><div class="space-y-1"><p class="text-xs font-medium text-muted-foreground flex items-center gap-1.5"><svg xmlns="http://www.w3.org/2000/svg" width="24" height="24" viewBox="0 0 24 24" fill="none" stroke="currentColor" stroke-width="2" stroke-linecap="round" stroke-linejoin="round" class="lucide lucide-shield-check w-4 h-4 text-primary dark:text-primary/80" aria-hidden="true"><path d="M20 13c0 5-3.5 7.5-7.66 8.95a1 1 0 0 1-.67-.01C7.5 20.5 4 18 4 13V6a1 1 0 0 1 1-1c2 0 4.5-1.2 6.24-2.72a1.17 1.17 0 0 1 1.52 0C14.51 3.81 17 5 19 5a1 1 0 0 1 1 1z"></path><path d="m9 12 2 2 4-4"></path></svg>Outstanding</p><p class="capitalize text-sm font-normal text-foreground">₹70,015.34</p></div><div class="space-y-1"><p class="text-xs font-medium text-muted-foreground flex items-center gap-1.5"><svg xmlns="http://www.w3.org/2000/svg" width="24" height="24" viewBox="0 0 24 24" fill="none" stroke="currentColor" stroke-width="2" stroke-linecap="round" stroke-linejoin="round" class="lucide lucide-layout-dashboard w-4 h-4 text-primary dark:text-primary/80" aria-hidden="true"><rect width="7" height="9" x="3" y="3" rx="1"></rect><rect width="7" height="5" x="14" y="3" rx="1"></rect><rect width="7" height="9" x="14" y="12" rx="1"></rect><rect width="7" height="5" x="3" y="16" rx="1"></rect></svg>Current DPD</p><p class="capitalize text-sm font-semibold text-emerald-500 dark:text-emerald-400">0</p></div><div class="space-y-1"><p class="text-xs font-medium text-muted-foreground flex items-center gap-1.5"><svg xmlns="http://www.w3.org/2000/svg" width="24" height="24" viewBox="0 0 24 24" fill="none" stroke="currentColor" stroke-width="2" stroke-linecap="round" stroke-linejoin="round" class="lucide lucide-credit-card w-4 h-4 text-primary dark:text-primary/80" aria-hidden="true"><rect width="20" height="14" x="2" y="5" rx="2"></rect><line x1="2" x2="22" y1="10" y2="10"></line></svg>Current Liability</p><p class="capitalize text-sm font-normal text-foreground">₹222</p></div><div class="space-y-1"><p class="text-xs font-medium text-muted-foreground flex items-center gap-1.5"><svg xmlns="http://www.w3.org/2000/svg" width="24" height="24" viewBox="0 0 24 24" fill="none" stroke="currentColor" stroke-width="2" stroke-linecap="round" stroke-linejoin="round" class="lucide lucide-calendar w-4 h-4 text-primary dark:text-primary/80" aria-hidden="true"><path d="M8 2v4"></path><path d="M16 2v4"></path><rect width="18" height="18" x="3" y="4" rx="2"></rect><path d="M3 10h18"></path></svg>Next EMI Due</p><p class="capitalize text-sm font-normal text-foreground">08 Jul 2026</p></div><div class="space-y-1"><p class="text-xs font-medium text-muted-foreground flex items-center gap-1.5"><svg xmlns="http://www.w3.org/2000/svg" width="24" height="24" viewBox="0 0 24 24" fill="none" stroke="currentColor" stroke-width="2" stroke-linecap="round" stroke-linejoin="round" class="lucide lucide-file-axis3d lucide-file-axis-3d w-4 h-4 text-primary dark:text-primary/80" aria-hidden="true"><path d="M6 22a2 2 0 0 1-2-2V4a2 2 0 0 1 2-2h8a2.4 2.4 0 0 1 1.704.706l3.588 3.588A2.4 2.4 0 0 1 20 8v12a2 2 0 0 1-2 2z"></path><path d="M14 2v5a1 1 0 0 0 1 1h5"></path><path d="m8 18 4-4"></path><path d="M8 10v8h8"></path></svg>Lead no</p><p class="text-sm font-medium capitalize text-foreground">938</p></div><div class="space-y-1"><p class="text-xs font-medium text-muted-foreground flex items-center gap-1.5"><svg xmlns="http://www.w3.org/2000/svg" width="24" height="24" viewBox="0 0 24 24" fill="none" stroke="currentColor" stroke-width="2" stroke-linecap="round" stroke-linejoin="round" class="lucide lucide-phone-call w-4 h-4 text-primary dark:text-primary/80" aria-hidden="true"><path d="M13 2a9 9 0 0 1 9 9"></path><path d="M13 6a5 5 0 0 1 5 5"></path><path d="M13.832 16.568a1 1 0 0 0 1.213-.303l.355-.465A2 2 0 0 1 17 15h3a2 2 0 0 1 2 2v3a2 2 0 0 1-2 2A18 18 0 0 1 2 4a2 2 0 0 1 2-2h3a2 2 0 0 1 2 2v3a2 2 0 0 1-.8 1.6l-.468.351a1 1 0 0 0-.292 1.233 14 14 0 0 0 6.392 6.384"></path></svg>Contact</p><p class="text-sm font-medium capitalize text-foreground"><div class="flex items-center gap-2"><span class="text-xs font-medium font-mono text-foreground">******6849</span><button type="button" aria-label="Show value" class="p-1 rounded transition-colors disabled:opacity-50 text-muted-foreground hover:text-foreground hover:bg-accent"><svg xmlns="http://www.w3.org/2000/svg" width="24" height="24" viewBox="0 0 24 24" fill="none" stroke="currentColor" stroke-width="2" stroke-linecap="round" stroke-linejoin="round" class="lucide lucide-eye w-4 h-4 cursor-pointer" aria-hidden="true"><path d="M2.062 12.348a1 1 0 0 1 0-.696 10.75 10.75 0 0 1 19.876 0 1 1 0 0 1 0 .696 10.75 10.75 0 0 1-19.876 0"></path><circle cx="12" cy="12" r="3"></circle></svg></button></div></p></div><div class="space-y-1"><p class="text-xs font-medium text-muted-foreground flex items-center gap-1.5"><svg xmlns="http://www.w3.org/2000/svg" width="24" height="24" viewBox="0 0 24 24" fill="none" stroke="currentColor" stroke-width="2" stroke-linecap="round" stroke-linejoin="round" class="lucide lucide-id-card w-4 h-4 text-primary dark:text-primary/80" aria-hidden="true"><path d="M16 10h2"></path><path d="M16 14h2"></path><path d="M6.17 15a3 3 0 0 1 5.66 0"></path><circle cx="9" cy="11" r="2"></circle><rect x="2" y="5" width="20" height="14" rx="2"></rect></svg>PAN</p><p class="text-sm font-medium capitalize text-foreground"><div class="flex items-center gap-2"><span class="text-xs font-medium font-mono text-foreground">******642E</span><button type="button" aria-label="Show value" class="p-1 rounded transition-colors disabled:opacity-50 text-muted-foreground hover:text-foreground hover:bg-accent"><svg xmlns="http://www.w3.org/2000/svg" width="24" height="24" viewBox="0 0 24 24" fill="none" stroke="currentColor" stroke-width="2" stroke-linecap="round" stroke-linejoin="round" class="lucide lucide-eye w-4 h-4 cursor-pointer" aria-hidden="true"><path d="M2.062 12.348a1 1 0 0 1 0-.696 10.75 10.75 0 0 1 19.876 0 1 1 0 0 1 0 .696 10.75 10.75 0 0 1-19.876 0"></path><circle cx="12" cy="12" r="3"></circle></svg></button></div></p></div><div class="space-y-1"><p class="text-xs font-medium text-muted-foreground flex items-center gap-1.5"><svg xmlns="http://www.w3.org/2000/svg" width="24" height="24" viewBox="0 0 24 24" fill="none" stroke="currentColor" stroke-width="2" stroke-linecap="round" stroke-linejoin="round" class="lucide lucide-mail w-4 h-4 text-primary dark:text-primary/80" aria-hidden="true"><path d="m22 7-8.991 5.727a2 2 0 0 1-2.009 0L2 7"></path><rect x="2" y="4" width="20" height="16" rx="2"></rect></svg>Email</p><p class="text-sm font-medium capitalize text-foreground"><div class="flex items-center gap-2"><span class="text-xs font-medium font-mono text-foreground">bhar******************</span><button type="button" aria-label="Show value" class="p-1 rounded transition-colors disabled:opacity-50 text-muted-foreground hover:text-foreground hover:bg-accent"><svg xmlns="http://www.w3.org/2000/svg" width="24" height="24" viewBox="0 0 24 24" fill="none" stroke="currentColor" stroke-width="2" stroke-linecap="round" stroke-linejoin="round" class="lucide lucide-eye w-4 h-4 cursor-pointer" aria-hidden="true"><path d="M2.062 12.348a1 1 0 0 1 0-.696 10.75 10.75 0 0 1 19.876 0 1 1 0 0 1 0 .696 10.75 10.75 0 0 1-19.876 0"></path><circle cx="12" cy="12" r="3"></circle></svg></button></div></p></div><div class="space-y-1"><p class="text-xs font-medium text-muted-foreground flex items-center gap-1.5"><svg xmlns="http://www.w3.org/2000/svg" width="24" height="24" viewBox="0 0 24 24" fill="none" stroke="currentColor" stroke-width="2" stroke-linecap="round" stroke-linejoin="round" class="lucide lucide-briefcase w-4 h-4 text-primary dark:text-primary/80" aria-hidden="true"><path d="M16 20V4a2 2 0 0 0-2-2h-4a2 2 0 0 0-2 2v16"></path><rect width="20" height="14" x="2" y="6" rx="2"></rect></svg>Employment Type</p><p class="text-sm font-medium capitalize text-foreground">SALARIED</p></div><div class="space-y-1"><p class="text-xs font-medium text-muted-foreground flex items-center gap-1.5"><svg xmlns="http://www.w3.org/2000/svg" width="24" height="24" viewBox="0 0 24 24" fill="none" stroke="currentColor" stroke-width="2" stroke-linecap="round" stroke-linejoin="round" class="lucide lucide-house w-4 h-4 text-primary dark:text-primary/80" aria-hidden="true"><path d="M15 21v-8a1 1 0 0 0-1-1h-4a1 1 0 0 0-1 1v8"></path><path d="M3 10a2 2 0 0 1 .709-1.528l7-6a2 2 0 0 1 2.582 0l7 6A2 2 0 0 1 21 10v9a2 2 0 0 1-2 2H5a2 2 0 0 1-2-2z"></path></svg>Residential Type</p><p class="text-sm font-medium capitalize text-foreground">OWNED</p></div><div class="space-y-1"><p class="text-xs font-medium text-muted-foreground flex items-center gap-1.5"><svg xmlns="http://www.w3.org/2000/svg" width="24" height="24" viewBox="0 0 24 24" fill="none" stroke="currentColor" stroke-width="2" stroke-linecap="round" stroke-linejoin="round" class="lucide lucide-calendar w-4 h-4 text-primary dark:text-primary/80" aria-hidden="true"><path d="M8 2v4"></path><path d="M16 2v4"></path><rect width="18" height="18" x="3" y="4" rx="2"></rect><path d="M3 10h18"></path></svg>Tenure</p><p class="text-sm font-medium capitalize text-foreground">24 Months</p></div><div class="space-y-1"><p class="text-xs font-medium text-muted-foreground flex items-center gap-1.5"><svg xmlns="http://www.w3.org/2000/svg" width="24" height="24" viewBox="0 0 24 24" fill="none" stroke="currentColor" stroke-width="2" stroke-linecap="round" stroke-linejoin="round" class="lucide lucide-calendar w-4 h-4 text-primary dark:text-primary/80" aria-hidden="true"><path d="M8 2v4"></path><path d="M16 2v4"></path><rect width="18" height="18" x="3" y="4" rx="2"></rect><path d="M3 10h18"></path></svg>Interest</p><p class="text-sm font-medium capitalize text-foreground">8%</p></div></div></div><div class="w-full"><div class="flex flex-wrap lg:flex-nowrap justify-between gap-3"><div class="rounded-lg flex-1 shadow-md p-4 hover:shadow-lg transition-shadow bg-gradient-to-br from-blue-500 to-blue-600 text-white"><div class="flex items-center justify-between pb-1.5"><h3 class="text-[10px] font-normal uppercase tracking-wider opacity-80">Disbursed Amount</h3><svg xmlns="http://www.w3.org/2000/svg" width="24" height="24" viewBox="0 0 24 24" fill="none" stroke="currentColor" stroke-width="2" stroke-linecap="round" stroke-linejoin="round" class="lucide lucide-indian-rupee h-3.5 w-3.5 text-blue-200" aria-hidden="true"><path d="M6 3h12"></path><path d="M6 8h12"></path><path d="m6 13 8.5 8"></path><path d="M6 13h3"></path><path d="M9 13c6.667 0 6.667-10 0-10"></path></svg></div><div class="text-xl font-normal tracking-tight">₹70,000</div></div><div class="rounded-lg flex-1 shadow-md p-4 hover:shadow-lg transition-shadow bg-gradient-to-br from-green-500 to-green-600 text-white"><div class="flex items-center justify-between pb-1.5"><h3 class="text-[10px] font-normal uppercase tracking-wider opacity-80">Net Outstanding Balance</h3><svg xmlns="http://www.w3.org/2000/svg" width="24" height="24" viewBox="0 0 24 24" fill="none" stroke="currentColor" stroke-width="2" stroke-linecap="round" stroke-linejoin="round" class="lucide lucide-indian-rupee h-3.5 w-3.5 text-green-200" aria-hidden="true"><path d="M6 3h12"></path><path d="M6 8h12"></path><path d="m6 13 8.5 8"></path><path d="M6 13h3"></path><path d="M9 13c6.667 0 6.667-10 0-10"></path></svg></div><div class="text-xl font-normal tracking-tight">₹75,622.58</div></div><div class="rounded-lg flex-1 shadow-md p-4 hover:shadow-lg transition-shadow bg-gradient-to-br from-purple-500 to-purple-600 text-white"><div class="flex items-center justify-between pb-1.5"><h3 class="text-[10px] font-normal uppercase tracking-wider opacity-80">Paid Amount</h3><svg xmlns="http://www.w3.org/2000/svg" width="24" height="24" viewBox="0 0 24 24" fill="none" stroke="currentColor" stroke-width="2" stroke-linecap="round" stroke-linejoin="round" class="lucide lucide-indian-rupee h-3.5 w-3.5 text-purple-200" aria-hidden="true"><path d="M6 3h12"></path><path d="M6 8h12"></path><path d="m6 13 8.5 8"></path><path d="M6 13h3"></path><path d="M9 13c6.667 0 6.667-10 0-10"></path></svg></div><div class="text-xl font-normal tracking-tight">₹0</div></div><div class="rounded-lg flex-1 shadow-md p-4 hover:shadow-lg transition-shadow bg-gradient-to-br from-orange-500 to-orange-600 text-white"><div class="flex items-center justify-between pb-1.5"><h3 class="text-[10px] font-normal uppercase tracking-wider opacity-80">Overdue Amount</h3><svg xmlns="http://www.w3.org/2000/svg" width="24" height="24" viewBox="0 0 24 24" fill="none" stroke="currentColor" stroke-width="2" stroke-linecap="round" stroke-linejoin="round" class="lucide lucide-indian-rupee h-3.5 w-3.5 text-orange-200" aria-hidden="true"><path d="M6 3h12"></path><path d="M6 8h12"></path><path d="m6 13 8.5 8"></path><path d="M6 13h3"></path><path d="M9 13c6.667 0 6.667-10 0-10"></path></svg></div><div class="text-xl font-normal tracking-tight">₹222</div></div></div></div><div class="inline-flex gap-x-2 items-center justify-start rounded-md bg-muted p-1.5 shadow-sm border border-border flex-wrap transition-colors"><div data-selected="active" class="relative inline-flex items-center justify-center whitespace-nowrap rounded-md px-3 py-1.5 text-xs ring-offset-background transition-all duration-200 ease-in-out cursor-pointer select-none data-[selected=notactive]:text-muted-foreground data-[selected=notactive]:hover:text-primary data-[selected=notactive]:hover:bg-background/50 data-[selected=active]:bg-primary data-[selected=active]:text-primary-foreground data-[selected=active]:shadow-md focus-visible:outline-none focus-visible:ring-2 focus-visible:ring-primary active:scale-95">Overview</div><div data-selected="notactive" class="relative inline-flex items-center justify-center whitespace-nowrap rounded-md px-3 py-1.5 text-xs ring-offset-background transition-all duration-200 ease-in-out cursor-pointer select-none data-[selected=notactive]:text-muted-foreground data-[selected=notactive]:hover:text-primary data-[selected=notactive]:hover:bg-background/50 data-[selected=active]:bg-primary data-[selected=active]:text-primary-foreground data-[selected=active]:shadow-md focus-visible:outline-none focus-visible:ring-2 focus-visible:ring-primary active:scale-95">Schedules</div><div data-selected="notactive" class="relative inline-flex items-center justify-center whitespace-nowrap rounded-md px-3 py-1.5 text-xs ring-offset-background transition-all duration-200 ease-in-out cursor-pointer select-none data-[selected=notactive]:text-muted-foreground data-[selected=notactive]:hover:text-primary data-[selected=notactive]:hover:bg-background/50 data-[selected=active]:bg-primary data-[selected=active]:text-primary-foreground data-[selected=active]:shadow-md focus-visible:outline-none focus-visible:ring-2 focus-visible:ring-primary active:scale-95">Ledger</div><div data-selected="notactive" class="relative inline-flex items-center justify-center whitespace-nowrap rounded-md px-3 py-1.5 text-xs ring-offset-background transition-all duration-200 ease-in-out cursor-pointer select-none data-[selected=notactive]:text-muted-foreground data-[selected=notactive]:hover:text-primary data-[selected=notactive]:hover:bg-background/50 data-[selected=active]:bg-primary data-[selected=active]:text-primary-foreground data-[selected=active]:shadow-md focus-visible:outline-none focus-visible:ring-2 focus-visible:ring-primary active:scale-95">Transaction</div><div data-selected="notactive" class="relative inline-flex items-center justify-center whitespace-nowrap rounded-md px-3 py-1.5 text-xs ring-offset-background transition-all duration-200 ease-in-out cursor-pointer select-none data-[selected=notactive]:text-muted-foreground data-[selected=notactive]:hover:text-primary data-[selected=notactive]:hover:bg-background/50 data-[selected=active]:bg-primary data-[selected=active]:text-primary-foreground data-[selected=active]:shadow-md focus-visible:outline-none focus-visible:ring-2 focus-visible:ring-primary active:scale-95">Payment</div><div data-selected="notactive" class="relative inline-flex items-center justify-center whitespace-nowrap rounded-md px-3 py-1.5 text-xs ring-offset-background transition-all duration-200 ease-in-out cursor-pointer select-none data-[selected=notactive]:text-muted-foreground data-[selected=notactive]:hover:text-primary data-[selected=notactive]:hover:bg-background/50 data-[selected=active]:bg-primary data-[selected=active]:text-primary-foreground data-[selected=active]:shadow-md focus-visible:outline-none focus-visible:ring-2 focus-visible:ring-primary active:scale-95">Nach Presentation</div><div data-selected="notactive" class="relative inline-flex items-center justify-center whitespace-nowrap rounded-md px-3 py-1.5 text-xs ring-offset-background transition-all duration-200 ease-in-out cursor-pointer select-none data-[selected=notactive]:text-muted-foreground data-[selected=notactive]:hover:text-primary data-[selected=notactive]:hover:bg-background/50 data-[selected=active]:bg-primary data-[selected=active]:text-primary-foreground data-[selected=active]:shadow-md focus-visible:outline-none focus-visible:ring-2 focus-visible:ring-primary active:scale-95">Documents</div><div data-selected="notactive" class="relative inline-flex items-center justify-center whitespace-nowrap rounded-md px-3 py-1.5 text-xs ring-offset-background transition-all duration-200 ease-in-out cursor-pointer select-none data-[selected=notactive]:text-muted-foreground data-[selected=notactive]:hover:text-primary data-[selected=notactive]:hover:bg-background/50 data-[selected=active]:bg-primary data-[selected=active]:text-primary-foreground data-[selected=active]:shadow-md focus-visible:outline-none focus-visible:ring-2 focus-visible:ring-primary active:scale-95">Tracking History</div><div data-selected="notactive" class="relative inline-flex items-center justify-center whitespace-nowrap rounded-md px-3 py-1.5 text-xs ring-offset-background transition-all duration-200 ease-in-out cursor-pointer select-none data-[selected=notactive]:text-muted-foreground data-[selected=notactive]:hover:text-primary data-[selected=notactive]:hover:bg-background/50 data-[selected=active]:bg-primary data-[selected=active]:text-primary-foreground data-[selected=active]:shadow-md focus-visible:outline-none focus-visible:ring-2 focus-visible:ring-primary active:scale-95">Charges</div><div data-selected="notactive" class="relative inline-flex items-center justify-center whitespace-nowrap rounded-md px-3 py-1.5 text-xs ring-offset-background transition-all duration-200 ease-in-out cursor-pointer select-none data-[selected=notactive]:text-muted-foreground data-[selected=notactive]:hover:text-primary data-[selected=notactive]:hover:bg-background/50 data-[selected=active]:bg-primary data-[selected=active]:text-primary-foreground data-[selected=active]:shadow-md focus-visible:outline-none focus-visible:ring-2 focus-visible:ring-primary active:scale-95">Disbursements</div><div data-selected="notactive" class="relative inline-flex items-center justify-center whitespace-nowrap rounded-md px-3 py-1.5 text-xs ring-offset-background transition-all duration-200 ease-in-out cursor-pointer select-none data-[selected=notactive]:text-muted-foreground data-[selected=notactive]:hover:text-primary data-[selected=notactive]:hover:bg-background/50 data-[selected=active]:bg-primary data-[selected=active]:text-primary-foreground data-[selected=active]:shadow-md focus-visible:outline-none focus-visible:ring-2 focus-visible:ring-primary active:scale-95">Balance Transfer</div><div data-selected="notactive" class="relative inline-flex items-center justify-center whitespace-nowrap rounded-md px-3 py-1.5 text-xs ring-offset-background transition-all duration-200 ease-in-out cursor-pointer select-none data-[selected=notactive]:text-muted-foreground data-[selected=notactive]:hover:text-primary data-[selected=notactive]:hover:bg-background/50 data-[selected=active]:bg-primary data-[selected=active]:text-primary-foreground data-[selected=active]:shadow-md focus-visible:outline-none focus-visible:ring-2 focus-visible:ring-primary active:scale-95">Insurance Claims</div><div data-selected="notactive" class="relative inline-flex items-center justify-center whitespace-nowrap rounded-md px-3 py-1.5 text-xs ring-offset-background transition-all duration-200 ease-in-out cursor-pointer select-none data-[selected=notactive]:text-muted-foreground data-[selected=notactive]:hover:text-primary data-[selected=notactive]:hover:bg-background/50 data-[selected=active]:bg-primary data-[selected=active]:text-primary-foreground data-[selected=active]:shadow-md focus-visible:outline-none focus-visible:ring-2 focus-visible:ring-primary active:scale-95">Audit Trail</div></div><div class="mt-5 rounded-lg bg-card p-2 border border-border/50"><div class="grid grid-cols-1 md:grid-cols-2 gap-6 p-1"><div class="w-full p-4 bg-muted/20 border border-border rounded-lg"><div class="flex justify-between items-center mb-4"><h2 class="text-sm font-medium text-foreground">Loan Details</h2><span class="text-xs bg-card px-2 py-0.5 rounded-full border border-border">12</span></div><div class="grid grid-cols-2 gap-3"><div class="flex justify-between items-center p-2.5 bg-card border border-border rounded-lg hover:bg-muted/50 transition shadow-sm"><span class="text-xs text-muted-foreground truncate mr-2">Loan  Number</span><span class="text-xs font-medium text-foreground text-right">VEHICLE_000031</span></div><div class="flex justify-between items-center p-2.5 bg-card border border-border rounded-lg hover:bg-muted/50 transition shadow-sm"><span class="text-xs text-muted-foreground truncate mr-2">Borrower  I D</span><span class="text-xs font-medium text-foreground text-right">938</span></div><div class="flex justify-between items-center p-2.5 bg-card border border-border rounded-lg hover:bg-muted/50 transition shadow-sm"><span class="text-xs text-muted-foreground truncate mr-2">Product  Code</span><span class="text-xs font-medium text-foreground text-right">NTW-1</span></div><div class="flex justify-between items-center p-2.5 bg-card border border-border rounded-lg hover:bg-muted/50 transition shadow-sm"><span class="text-xs text-muted-foreground truncate mr-2">Sanctioned  Amount</span><span class="text-xs font-medium text-foreground text-right">₹70,000</span></div><div class="flex justify-between items-center p-2.5 bg-card border border-border rounded-lg hover:bg-muted/50 transition shadow-sm"><span class="text-xs text-muted-foreground truncate mr-2">Disbursed  Amount</span><span class="text-xs font-medium text-foreground text-right">₹70,000</span></div><div class="flex justify-between items-center p-2.5 bg-card border border-border rounded-lg hover:bg-muted/50 transition shadow-sm"><span class="text-xs text-muted-foreground truncate mr-2">Annual  Interest  Rate</span><span class="text-xs font-medium text-foreground text-right">8%</span></div><div class="flex justify-between items-center p-2.5 bg-card border border-border rounded-lg hover:bg-muted/50 transition shadow-sm"><span class="text-xs text-muted-foreground truncate mr-2">Tenure</span><span class="text-xs font-medium text-foreground text-right">24 months</span></div><div class="flex justify-between items-center p-2.5 bg-card border border-border rounded-lg hover:bg-muted/50 transition shadow-sm"><span class="text-xs text-muted-foreground truncate mr-2">Disbursement  Date</span><span class="text-xs font-medium text-foreground text-right">01 Jul 2026</span></div><div class="flex justify-between items-center p-2.5 bg-card border border-border rounded-lg hover:bg-muted/50 transition shadow-sm"><span class="text-xs text-muted-foreground truncate mr-2">First  E M I  Date</span><span class="text-xs font-medium text-foreground text-right">08 Jul 2026</span></div><div class="flex justify-between items-center p-2.5 bg-card border border-border rounded-lg hover:bg-muted/50 transition shadow-sm"><span class="text-xs text-muted-foreground truncate mr-2">Maturity  Date</span><span class="text-xs font-medium text-foreground text-right">08 Jun 2028</span></div><div class="flex justify-between items-center p-2.5 bg-card border border-border rounded-lg hover:bg-muted/50 transition shadow-sm"><span class="text-xs text-muted-foreground truncate mr-2">Repayment  Mode</span><span class="text-xs font-medium text-foreground text-right">NACH</span></div><div class="flex justify-between items-center p-2.5 bg-card border border-border rounded-lg hover:bg-muted/50 transition shadow-sm"><span class="text-xs text-muted-foreground truncate mr-2">Repayment  Day</span><span class="text-xs font-medium text-foreground text-right">8th of month</span></div></div></div><div class="w-full p-4 bg-muted/20 border border-border rounded-lg"><div class="flex justify-between items-center mb-4"><h2 class="text-sm font-medium text-foreground">Financial Summary</h2><span class="text-xs bg-card px-2 py-0.5 rounded-full border border-border">5</span></div><div class="grid grid-cols-2 gap-3"><div class="flex justify-between items-center p-2.5 bg-card border border-border rounded-lg hover:bg-muted/50 transition shadow-sm"><span class="text-xs text-muted-foreground truncate mr-2">Last  Payment  Date</span><span class="text-xs font-medium text-foreground text-right">-</span></div><div class="flex justify-between items-center p-2.5 bg-card border border-border rounded-lg hover:bg-muted/50 transition shadow-sm"><span class="text-xs text-muted-foreground truncate mr-2">Last  Payment  Amount</span><span class="text-xs font-medium text-foreground text-right">-</span></div><div class="flex justify-between items-center p-2.5 bg-card border border-border rounded-lg hover:bg-muted/50 transition shadow-sm"><span class="text-xs text-muted-foreground truncate mr-2
[...]
	at org.testng.SuiteRunner.runSequentially(SuiteRunner.java:437)
	at org.testng.SuiteRunner.privateRun(SuiteRunner.java:397)
	at org.testng.SuiteRunner.run(SuiteRunner.java:336)
	at org.testng.SuiteRunnerWorker.runSuite(SuiteRunnerWorker.java:52)
	at org.testng.SuiteRunnerWorker.run(SuiteRunnerWorker.java:95)
	at org.testng.TestNG.runSuitesSequentially(TestNG.java:1280)
	at org.testng.TestNG.runSuitesLocally(TestNG.java:1200)
	at org.testng.TestNG.runSuites(TestNG.java:1114)
	at org.testng.TestNG.run(TestNG.java:1082)
	at org.apache.maven.surefire.testng.TestNGExecutor.run(TestNGExecutor.java:308)
	at org.apache.maven.surefire.testng.TestNGXmlTestSuite.execute(TestNGXmlTestSuite.java:71)
	at org.apache.maven.surefire.testng.TestNGProvider.invoke(TestNGProvider.java:113)
	at org.apache.maven.surefire.booter.ForkedBooter.runSuitesInProcess(ForkedBooter.java:385)
	at org.apache.maven.surefire.booter.ForkedBooter.execute(ForkedBooter.java:162)
	at org.apache.maven.surefire.booter.ForkedBooter.run(ForkedBooter.java:507)
	at org.apache.maven.surefire.booter.ForkedBooter.main(ForkedBooter.java:495)
]]></failure>
    <system-out><![CDATA[13:23:22.992 [main] INFO  tests.ForeclosureTest - Verifying Generate Quote flow
]]></system-out>
  </testcase>
  <testcase name="testForecloseButtonOpensPaymentForm" classname="tests.ForeclosureTest" time="82.786">
    <failure message="Expected condition failed: waiting for visibility of element located by By.xpath: (//*[normalize-space(text())=&apos;QUOTE REFERENCE&apos;]/following::*[contains(normalize-space(.), &apos;FCL-&apos;)][1])[1] (tried for 20 second(s) with 500 milliseconds interval)&#10;Build info: version: &apos;4.22.0&apos;, revision: &apos;c5f3146703*&apos;&#10;System info: os.name: &apos;Windows 11&apos;, os.arch: &apos;amd64&apos;, os.version: &apos;10.0&apos;, java.version: &apos;25.0.2&apos;&#10;Driver info: org.openqa.selenium.chrome.ChromeDriver&#10;Capabilities {acceptInsecureCerts: false, browserName: chrome, browserVersion: 149.0.7827.199, chrome: {chromedriverVersion: 149.0.7827.155 (07b52360cc1..., userDataDir: C:\Users\i-tech\AppData\Loc...}, fedcm:accounts: true, goog:chromeOptions: {debuggerAddress: localhost:59017}, goog:processID: 9584, networkConnectionEnabled: false, pageLoadStrategy: normal, platformName: windows, proxy: Proxy(), se:cdp: ws://localhost:59017/devtoo..., se:cdpVersion: 149.0.7827.199, setWindowRect: true, strictFileInteractability: false, timeouts: {implicit: 0, pageLoad: 300000, script: 30000}, unhandledPromptBehavior: dismiss and notify, webauthn:extension:credBlob: true, webauthn:extension:largeBlob: true, webauthn:extension:minPinLength: true, webauthn:extension:prf: true, webauthn:virtualAuthenticators: true}&#10;Session ID: 3b09c79819ce3367af4cdc748aa820f4" type="org.openqa.selenium.TimeoutException"><![CDATA[org.openqa.selenium.TimeoutException: 
Expected condition failed: waiting for visibility of element located by By.xpath: (//*[normalize-space(text())='QUOTE REFERENCE']/following::*[contains(normalize-space(.), 'FCL-')][1])[1] (tried for 20 second(s) with 500 milliseconds interval)
Build info: version: '4.22.0', revision: 'c5f3146703*'
System info: os.name: 'Windows 11', os.arch: 'amd64', os.version: '10.0', java.version: '25.0.2'
Driver info: org.openqa.selenium.chrome.ChromeDriver
Capabilities {acceptInsecureCerts: false, browserName: chrome, browserVersion: 149.0.7827.199, chrome: {chromedriverVersion: 149.0.7827.155 (07b52360cc1..., userDataDir: C:\Users\i-tech\AppData\Loc...}, fedcm:accounts: true, goog:chromeOptions: {debuggerAddress: localhost:59017}, goog:processID: 9584, networkConnectionEnabled: false, pageLoadStrategy: normal, platformName: windows, proxy: Proxy(), se:cdp: ws://localhost:59017/devtoo..., se:cdpVersion: 149.0.7827.199, setWindowRect: true, strictFileInteractability: false, timeouts: {implicit: 0, pageLoad: 300000, script: 30000}, unhandledPromptBehavior: dismiss and notify, webauthn:extension:credBlob: true, webauthn:extension:largeBlob: true, webauthn:extension:minPinLength: true, webauthn:extension:prf: true, webauthn:virtualAuthenticators: true}
Session ID: 3b09c79819ce3367af4cdc748aa820f4
	at org.openqa.selenium.support.ui.WebDriverWait.timeoutException(WebDriverWait.java:84)
	at org.openqa.selenium.support.ui.FluentWait.until(FluentWait.java:228)
	at accounts.ForeclosurePage.getQuoteReferenceOnPaymentForm(ForeclosurePage.java:241)
	at tests.ForeclosureTest.testForecloseButtonOpensPaymentForm(ForeclosureTest.java:161)
	at java.base/jdk.internal.reflect.DirectMethodHandleAccessor.invoke(DirectMethodHandleAccessor.java:104)
	at java.base/java.lang.reflect.Method.invoke(Method.java:565)
	at org.testng.internal.invokers.MethodInvocationHelper.invokeMethod(MethodInvocationHelper.java:139)
	at org.testng.internal.invokers.TestInvoker.invokeMethod(TestInvoker.java:664)
	at org.testng.internal.invokers.TestInvoker.invokeTestMethod(TestInvoker.java:227)
	at org.testng.internal.invokers.MethodRunner.runInSequence(MethodRunner.java:50)
	at org.testng.internal.invokers.TestInvoker$MethodInvocationAgent.invoke(TestInvoker.java:957)
	at org.testng.internal.invokers.TestInvoker.invokeTestMethods(TestInvoker.java:200)
	at org.testng.internal.invokers.TestMethodWorker.invokeTestMethods(TestMethodWorker.java:148)
	at org.testng.internal.invokers.TestMethodWorker.run(TestMethodWorker.java:128)
	at java.base/java.util.ArrayList.forEach(ArrayList.java:1604)
	at org.testng.TestRunner.privateRun(TestRunner.java:848)
	at org.testng.TestRunner.run(TestRunner.java:621)
	at org.testng.SuiteRunner.runTest(SuiteRunner.java:443)
	at org.testng.SuiteRunner.runSequentially(SuiteRunner.java:437)
	at org.testng.SuiteRunner.privateRun(SuiteRunner.java:397)
	at org.testng.SuiteRunner.run(SuiteRunner.java:336)
	at org.testng.SuiteRunnerWorker.runSuite(SuiteRunnerWorker.java:52)
	at org.testng.SuiteRunnerWorker.run(SuiteRunnerWorker.java:95)
	at org.testng.TestNG.runSuitesSequentially(TestNG.java:1280)
	at org.testng.TestNG.runSuitesLocally(TestNG.java:1200)
	at org.testng.TestNG.runSuites(TestNG.java:1114)
	at org.testng.TestNG.run(TestNG.java:1082)
	at org.apache.maven.surefire.testng.TestNGExecutor.run(TestNGExecutor.java:308)
	at org.apache.maven.surefire.testng.TestNGXmlTestSuite.execute(TestNGXmlTestSuite.java:71)
	at org.apache.maven.surefire.testng.TestNGProvider.invoke(TestNGProvider.java:113)
	at org.apache.maven.surefire.booter.ForkedBooter.runSuitesInProcess(ForkedBooter.java:385)
	at org.apache.maven.surefire.booter.ForkedBooter.execute(ForkedBooter.java:162)
	at org.apache.maven.surefire.booter.ForkedBooter.run(ForkedBooter.java:507)
	at org.apache.maven.surefire.booter.ForkedBooter.main(ForkedBooter.java:495)
]]></failure>
    <system-out><![CDATA[13:25:02.134 [main] INFO  tests.ForeclosureTest - Verifying Foreclose button opens payment form
13:25:54.271 [main] INFO  tests.ForeclosureTest - Clicked Foreclose → on first active quote
]]></system-out>
  </testcase>
  <testcase name="testForeclosureFullFlow" classname="tests.ForeclosureTest" time="98.03">
    <failure message="Expected condition failed: waiting for visibility of element located by By.xpath: (//*[normalize-space(text())=&apos;QUOTE REFERENCE&apos;]/following::*[contains(normalize-space(.), &apos;FCL-&apos;)][1])[1] (tried for 20 second(s) with 500 milliseconds interval)&#10;Build info: version: &apos;4.22.0&apos;, revision: &apos;c5f3146703*&apos;&#10;System info: os.name: &apos;Windows 11&apos;, os.arch: &apos;amd64&apos;, os.version: &apos;10.0&apos;, java.version: &apos;25.0.2&apos;&#10;Driver info: org.openqa.selenium.chrome.ChromeDriver&#10;Capabilities {acceptInsecureCerts: false, browserName: chrome, browserVersion: 149.0.7827.199, chrome: {chromedriverVersion: 149.0.7827.155 (07b52360cc1..., userDataDir: C:\Users\i-tech\AppData\Loc...}, fedcm:accounts: true, goog:chromeOptions: {debuggerAddress: localhost:59017}, goog:processID: 9584, networkConnectionEnabled: false, pageLoadStrategy: normal, platformName: windows, proxy: Proxy(), se:cdp: ws://localhost:59017/devtoo..., se:cdpVersion: 149.0.7827.199, setWindowRect: true, strictFileInteractability: false, timeouts: {implicit: 0, pageLoad: 300000, script: 30000}, unhandledPromptBehavior: dismiss and notify, webauthn:extension:credBlob: true, webauthn:extension:largeBlob: true, webauthn:extension:minPinLength: true, webauthn:extension:prf: true, webauthn:virtualAuthenticators: true}&#10;Session ID: 3b09c79819ce3367af4cdc748aa820f4" type="org.openqa.selenium.TimeoutException"><![CDATA[org.openqa.selenium.TimeoutException: 
Expected condition failed: waiting for visibility of element located by By.xpath: (//*[normalize-space(text())='QUOTE REFERENCE']/following::*[contains(normalize-space(.), 'FCL-')][1])[1] (tried for 20 second(s) with 500 milliseconds interval)
Build info: version: '4.22.0', revision: 'c5f3146703*'
System info: os.name: 'Windows 11', os.arch: 'amd64', os.version: '10.0', java.version: '25.0.2'
Driver info: org.openqa.selenium.chrome.ChromeDriver
Capabilities {acceptInsecureCerts: false, browserName: chrome, browserVersion: 149.0.7827.199, chrome: {chromedriverVersion: 149.0.7827.155 (07b52360cc1..., userDataDir: C:\Users\i-tech\AppData\Loc...}, fedcm:accounts: true, goog:chromeOptions: {debuggerAddress: localhost:59017}, goog:processID: 9584, networkConnectionEnabled: false, pageLoadStrategy: normal, platformName: windows, proxy: Proxy(), se:cdp: ws://localhost:59017/devtoo..., se:cdpVersion: 149.0.7827.199, setWindowRect: true, strictFileInteractability: false, timeouts: {implicit: 0, pageLoad: 300000, script: 30000}, unhandledPromptBehavior: dismiss and notify, webauthn:extension:credBlob: true, webauthn:extension:largeBlob: true, webauthn:extension:minPinLength: true, webauthn:extension:prf: true, webauthn:virtualAuthenticators: true}
Session ID: 3b09c79819ce3367af4cdc748aa820f4
	at org.openqa.selenium.support.ui.WebDriverWait.timeoutException(WebDriverWait.java:84)
	at org.openqa.selenium.support.ui.FluentWait.until(FluentWait.java:228)
	at accounts.ForeclosurePage.getQuoteReferenceOnPaymentForm(ForeclosurePage.java:241)
	at tests.ForeclosureTest.testForeclosureFullFlow(ForeclosureTest.java:197)
	at java.base/jdk.internal.reflect.DirectMethodHandleAccessor.invoke(DirectMethodHandleAccessor.java:104)
	at java.base/java.lang.reflect.Method.invoke(Method.java:565)
	at org.testng.internal.invokers.MethodInvocationHelper.invokeMethod(MethodInvocationHelper.java:139)
	at org.testng.internal.invokers.TestInvoker.invokeMethod(TestInvoker.java:664)
	at org.testng.internal.invokers.TestInvoker.invokeTestMethod(TestInvoker.java:227)
	at org.testng.internal.invokers.MethodRunner.runInSequence(MethodRunner.java:50)
	at org.testng.internal.invokers.TestInvoker$MethodInvocationAgent.invoke(TestInvoker.java:957)
	at org.testng.internal.invokers.TestInvoker.invokeTestMethods(TestInvoker.java:200)
	at org.testng.internal.invokers.TestMethodWorker.invokeTestMethods(TestMethodWorker.java:148)
	at org.testng.internal.invokers.TestMethodWorker.run(TestMethodWorker.java:128)
	at java.base/java.util.ArrayList.forEach(ArrayList.java:1604)
	at org.testng.TestRunner.privateRun(TestRunner.java:848)
	at org.testng.TestRunner.run(TestRunner.java:621)
	at org.testng.SuiteRunner.runTest(SuiteRunner.java:443)
	at org.testng.SuiteRunner.runSequentially(SuiteRunner.java:437)
	at org.testng.SuiteRunner.privateRun(SuiteRunner.java:397)
	at org.testng.SuiteRunner.run(SuiteRunner.java:336)
	at org.testng.SuiteRunnerWorker.runSuite(SuiteRunnerWorker.java:52)
	at org.testng.SuiteRunnerWorker.run(SuiteRunnerWorker.java:95)
	at org.testng.TestNG.runSuitesSequentially(TestNG.java:1280)
	at org.testng.TestNG.runSuitesLocally(TestNG.java:1200)
	at org.testng.TestNG.runSuites(TestNG.java:1114)
	at org.testng.TestNG.run(TestNG.java:1082)
	at org.apache.maven.surefire.testng.TestNGExecutor.run(TestNGExecutor.java:308)
	at org.apache.maven.surefire.testng.TestNGXmlTestSuite.execute(TestNGXmlTestSuite.java:71)
	at org.apache.maven.surefire.testng.TestNGProvider.invoke(TestNGProvider.java:113)
	at org.apache.maven.surefire.booter.ForkedBooter.runSuitesInProcess(ForkedBooter.java:385)
	at org.apache.maven.surefire.booter.ForkedBooter.execute(ForkedBooter.java:162)
	at org.apache.maven.surefire.booter.ForkedBooter.run(ForkedBooter.java:507)
	at org.apache.maven.surefire.booter.ForkedBooter.main(ForkedBooter.java:495)
]]></failure>
    <system-out><![CDATA[13:26:25.610 [main] INFO  tests.ForeclosureTest - Verifying full Foreclosure flow: generate quote → foreclose → fill form → confirm
13:27:17.385 [main] INFO  tests.ForeclosureTest - Proceeding to foreclose quote: FCL-20260630-E5AF9B
]]></system-out>
  </testcase>
  <testcase name="testBalanceTransferTabLoads" classname="tests.BalanceTransferTest" time="0.351">
    <system-out><![CDATA[13:28:04.052 [main] INFO  io.github.bonigarcia.wdm.WebDriverManager - Using chromedriver 149.0.7827.155 (resolved driver for Chrome 149)
13:28:04.074 [main] INFO  io.github.bonigarcia.wdm.WebDriverManager - Exporting webdriver.chrome.driver as C:\Users\i-tech\.cache\selenium\chromedriver\win64\149.0.7827.155\chromedriver.exe
13:28:19.163 [main] INFO  tests.BalanceTransferTest - Navigated to Balance Transfer tab: https://lms.alfinnext.com/lms/accounts/210?tab=balance_transfer&product=VEHICLE_LOAN
13:28:20.304 [main] INFO  tests.BalanceTransferTest - Verifying Balance Transfer Settlement section loads
13:28:20.656 [main] INFO  tests.BalanceTransferTest - Section heading: Balance Transfer Settlement
]]></system-out>
    <system-err><![CDATA[Jul 02, 2026 1:28:05 PM org.openqa.selenium.devtools.CdpVersionFinder findNearestMatch
WARNING: Unable to find CDP implementation matching 149
Jul 02, 2026 1:28:05 PM org.openqa.selenium.chromium.ChromiumDriver lambda$new$5
WARNING: Unable to find version of CDP to use for 149.0.7827.199. You may need to include a dependency on a specific version of the CDP using something similar to `org.seleniumhq.selenium:selenium-devtools-v86:4.22.0` where the version ("v86") matches the version of the chromium-based browser you're using and the version number of the artifact is the same as Selenium's.
]]></system-err>
  </testcase>
  <testcase name="testInfoNoticeText" classname="tests.BalanceTransferTest" time="0.442">
    <system-out><![CDATA[13:28:21.411 [main] INFO  tests.BalanceTransferTest - Verifying info notice text
13:28:21.847 [main] INFO  tests.BalanceTransferTest - Info notice: LMS
⌘
K
PRODUCT VERTICAL
Vehicle Loan
PK
Pigok Kamac
LAN:
VEHICLE_000029
AN:
APP92656751
Product Type:
VEHICLE
Disbursed On:
30-06-2026
Balance Transferred
Loan Amount
₹70,000
Outstanding
₹0
Current DPD
0
Current Liability
₹0
Next EMI Due
07 Jul 2026
Lead no
LD83299561
Contact
⋆⋆⋆⋆⋆⋆6849
PAN
NA
Email
NA
Employment Type
NA
Residential Type
NA
Tenure
24 Months
Interest
8%
DISBURSED AMOUNT
₹70,000
NET OUTSTANDING BALANCE
₹0
PAID AMOUNT
₹70,222
OVERDUE AMOUNT
₹0
Overview
Schedules
Ledger
Transaction
Payment
Nach Presentation
Documents
Tracking History
Charges
Disbursements
Balance Transfer
Insurance Claims
Audit Trail
Balance Transfer Settlement
Transfer outstanding liability to a new lender
The full outstanding liability of ₹0.00 will be settled by the new lender. Once processed, this loan account will be marked as BALANCE_TRANSFERRED and closed.
New Lender Name
NOC Reference (Optional)
Reason for Transfer
Reset
Confirm Transfer
]]></system-out>
  </testcase>
  <testcase name="testFormFieldsAcceptInput" classname="tests.BalanceTransferTest" time="1.278">
    <system-out><![CDATA[13:28:22.863 [main] INFO  tests.BalanceTransferTest - Verifying form fields accept input
13:28:23.275 [main] INFO  tests.BalanceTransferTest - Entered New Lender Name: HDFC Bank
13:28:23.691 [main] INFO  tests.BalanceTransferTest - Entered NOC Reference: NOC-2026-001
13:28:24.072 [main] INFO  tests.BalanceTransferTest - Entered Reason for Transfer
]]></system-out>
  </testcase>
  <testcase name="testResetClearsForm" classname="tests.BalanceTransferTest" time="2.192">
    <system-out><![CDATA[13:28:24.825 [main] INFO  tests.BalanceTransferTest - Verifying Reset button clears the form
13:28:25.900 [main] INFO  tests.BalanceTransferTest - Clicked Reset
13:28:27.016 [main] INFO  tests.BalanceTransferTest - New Lender Name after reset: ''
]]></system-out>
  </testcase>
  <testcase name="testConfirmTransferFullFlow" classname="tests.BalanceTransferTest" time="4.672">
    <system-out><![CDATA[13:28:27.786 [main] INFO  tests.BalanceTransferTest - Verifying full Balance Transfer flow: fill form → Confirm Transfer
13:28:28.176 [main] INFO  tests.BalanceTransferTest - New Lender Name: HDFC Bank
13:28:28.648 [main] INFO  tests.BalanceTransferTest - NOC Reference: NOC-20260630-001
13:28:29.135 [main] INFO  tests.BalanceTransferTest - Reason for Transfer entered
13:28:29.432 [main] INFO  tests.BalanceTransferTest - Clicked Confirm Transfer
13:28:32.456 [main] INFO  tests.BalanceTransferTest - Post-transfer URL: https://lms.alfinnext.com/lms/accounts/210?tab=balance_transfer&product=VEHICLE_LOAN
]]></system-out>
  </testcase>
  <testcase name="testExportLedger" classname="tests.LedgerTest" time="0.368">
    <system-out><![CDATA[13:28:32.969 [main] INFO  io.github.bonigarcia.wdm.WebDriverManager - Using chromedriver 149.0.7827.155 (resolved driver for Chrome 149)
13:28:32.997 [main] INFO  io.github.bonigarcia.wdm.WebDriverManager - Exporting webdriver.chrome.driver as C:\Users\i-tech\.cache\selenium\chromedriver\win64\149.0.7827.155\chromedriver.exe
13:29:16.798 [main] INFO  tests.LedgerTest - Navigated to Ledger tab: https://lms.alfinnext.com/lms/accounts/208?tab=ledger&product=VEHICLE_LOAN
13:29:16.800 [main] INFO  tests.LedgerTest - Verifying Export button click on Ledger tab
13:29:17.167 [main] INFO  tests.LedgerTest - Export button clicked successfully
]]></system-out>
    <system-err><![CDATA[Jul 02, 2026 1:28:34 PM org.openqa.selenium.devtools.CdpVersionFinder findNearestMatch
WARNING: Unable to find CDP implementation matching 149
Jul 02, 2026 1:28:34 PM org.openqa.selenium.chromium.ChromiumDriver lambda$new$5
WARNING: Unable to find version of CDP to use for 149.0.7827.199. You may need to include a dependency on a specific version of the CDP using something similar to `org.seleniumhq.selenium:selenium-devtools-v86:4.22.0` where the version ("v86") matches the version of the chromium-based browser you're using and the version number of the artifact is the same as Selenium's.
]]></system-err>
  </testcase>
  <testcase name="testPresentEMI" classname="tests.ScheduleTest" time="1.163">
    <system-out><![CDATA[13:29:17.622 [main] INFO  io.github.bonigarcia.wdm.WebDriverManager - Using chromedriver 149.0.7827.155 (resolved driver for Chrome 149)
13:29:17.642 [main] INFO  io.github.bonigarcia.wdm.WebDriverManager - Exporting webdriver.chrome.driver as C:\Users\i-tech\.cache\selenium\chromedriver\win64\149.0.7827.155\chromedriver.exe
13:29:30.073 [main] INFO  tests.ScheduleTest - Navigated to Schedule tab: https://lms.alfinnext.com/lms/accounts/208?tab=repayment_schedule&product=VEHICLE_LOAN
13:29:30.074 [main] INFO  tests.ScheduleTest - Verifying Present EMI flow from Schedules tab
13:29:31.235 [main] INFO  tests.ScheduleTest - Present EMI flow completed successfully
]]></system-out>
    <system-err><![CDATA[Jul 02, 2026 1:29:19 PM org.openqa.selenium.devtools.CdpVersionFinder findNearestMatch
WARNING: Unable to find CDP implementation matching 149
Jul 02, 2026 1:29:19 PM org.openqa.selenium.chromium.ChromiumDriver lambda$new$5
WARNING: Unable to find version of CDP to use for 149.0.7827.199. You may need to include a dependency on a specific version of the CDP using something similar to `org.seleniumhq.selenium:selenium-devtools-v86:4.22.0` where the version ("v86") matches the version of the chromium-based browser you're using and the version number of the artifact is the same as Selenium's.
]]></system-err>
  </testcase>
</testsuite>