<?xml version="1.0" encoding="UTF-8"?>
<testsuite xmlns:xsi="http://www.w3.org/2001/XMLSchema-instance" xsi:noNamespaceSchemaLocation="https://maven.apache.org/surefire/maven-surefire-plugin/xsd/surefire-test-report-3.0.xsd" version="3.0" name="tests.DebugLogin" time="19.446" tests="1" errors="0" skipped="0" failures="0">
  <properties>
[...]
</properties>
  <testcase name="testLoginDOM" classname="tests.DebugLogin" time="17.557">
    <system-out><![CDATA[URL: https://lms.alfinnext.com/
Title: lms-product
Page source length: 28315
BODY HTML:

    <div id="root"><section aria-label="Notifications alt+T" tabindex="-1" aria-live="polite" aria-relevant="additions text" aria-atomic="false"></section><div class=" min-h-screen bg-background"><div class="h-screen flex overflow-hidden "><style>
        @keyframes float {
          0%, 100% { transform: translateY(0px) rotate(0deg); }
          50% { transform: translateY(-20px) rotate(2deg); }
        }
        @keyframes pulse-glow {
          0%, 100% { box-shadow: 0 0 20px rgba(59, 130, 246, 0.3); }
          50% { box-shadow: 0 0 40px rgba(59, 130, 246, 0.6); }
        }
        @keyframes slide-in {
          from { transform: translateX(-100px); opacity: 0; }
          to { transform: translateX(0); opacity: 1; }
        }
        .animate-slide-in { animation: slide-in 0.8s ease-out; }
        .animate-pulse-glow { animation: pulse-glow 3s ease-in-out infinite; }
      </style><div class="hidden lg:flex lg:w-1/2 bg-linear-to-br from-blue-600 via-blue-700 to-indigo-800 relative"><div class="absolute inset-0 opacity-10"><div class="absolute top-0 left-0 w-full h-full bg-linear-to-br from-white/20 to-transparent"></div><div class="absolute top-1/4 left-1/4 w-96 h-96 bg-white/5 rounded-full blur-3xl"></div><div class="absolute bottom-1/4 right-1/4 w-80 h-80 bg-white/5 rounded-full blur-3xl"></div></div><div class="relative w-full h-full flex items-center justify-center"><div class="relative z-10"><div class="bg-white/15 backdrop-blur-sm rounded-3xl p-8 shadow-2xl border border-white/20 animate-pulse-glow"><div class="bg-linear-to-r from-blue-500 to-purple-600 rounded-2xl p-6 mb-4"><div class="flex items-center justify-between mb-4"><svg xmlns="http://www.w3.org/2000/svg" width="24" height="24" viewBox="0 0 24 24" fill="none" stroke="currentColor" stroke-width="2" stroke-linecap="round" stroke-linejoin="round" class="lucide lucide-building w-8 h-8 text-white" aria-hidden="true"><path d="M12 10h.01"></path><path d="M12 14h.01"></path><path d="M12 6h.01"></path><path d="M16 10h.01"></path><path d="M16 14h.01"></path><path d="M16 6h.01"></path><path d="M8 10h.01"></path><path d="M8 14h.01"></path><path d="M8 6h.01"></path><path d="M9 22v-3a1 1 0 0 1 1-1h4a1 1 0 0 1 1 1v3"></path><rect x="4" y="2" width="16" height="20" rx="2"></rect></svg><div class="flex space-x-2"><div class="w-3 h-3 bg-red-400 rounded-full"></div><div class="w-3 h-3 bg-yellow-400 rounded-full"></div><div class="w-3 h-3 bg-green-400 rounded-full"></div></div></div><div class="space-y-2"><div class="h-2 bg-white/30 rounded w-3/4"></div><div class="h-2 bg-white/30 rounded w-1/2"></div><div class="h-2 bg-white/30 rounded w-2/3"></div></div></div><div class="text-white text-center"><h3 class="text-xl font-bold mb-2">Digital Lending Solutions</h3><p class="text-white/80 text-sm">Advanced Financial Solutions</p></div></div></div><div class="absolute bg-white/10 backdrop-blur-sm rounded-2xl p-4 shadow-xl border border-white/20 top-20 left-20" style="animation: 6s ease-in-out 0s infinite normal none running float;"><div class="flex items-center space-x-3"><svg xmlns="http://www.w3.org/2000/svg" width="24" height="24" viewBox="0 0 24 24" fill="none" stroke="currentColor" stroke-width="2" stroke-linecap="round" stroke-linejoin="round" class="lucide lucide-dollar-sign w-6 h-6 text-green-400" aria-hidden="true"><line x1="12" x2="12" y1="2" y2="22"></line><path d="M17 5H9.5a3.5 3.5 0 0 0 0 7h5a3.5 3.5 0 0 1 0 7H6"></path></svg><div><div class="text-white text-sm font-semibold">$2.5M</div><div class="text-white/70 text-xs">Total Loans</div></div></div></div><div class="absolute bg-white/10 backdrop-blur-sm rounded-2xl p-4 shadow-xl border border-white/20 top-32 right-16" style="animation: 6s ease-in-out 1s infinite normal none running float;"><div class="flex items-center space-x-3"><svg xmlns="http://www.w3.org/2000/svg" width="24" height="24" viewBox="0 0 24 24" fill="none" stroke="currentColor" stroke-width="2" stroke-linecap="round" stroke-linejoin="round" class="lucide lucide-trending-up w-6 h-6 text-blue-400" aria-hidden="true"><path d="M16 7h6v6"></path><path d="m22 7-8.5 8.5-5-5L2 17"></path></svg><div><div class="text-white text-sm font-semibold">+15%</div><div class="text-white/70 text-xs">Growth</div></div></div></div><div class="absolute bg-white/10 backdrop-blur-sm rounded-2xl p-4 shadow-xl border border-white/20 bottom-32 left-16" style="animation: 6s ease-in-out 2s infinite normal none running float;"><div class="flex items-center space-x-3"><svg xmlns="http://www.w3.org/2000/svg" width="24" height="24" viewBox="0 0 24 24" fill="none" stroke="currentColor" stroke-width="2" stroke-linecap="round" stroke-linejoin="round" class="lucide lucide-users w-6 h-6 text-purple-400" aria-hidden="true"><path d="M16 21v-2a4 4 0 0 0-4-4H6a4 4 0 0 0-4 4v2"></path><path d="M16 3.128a4 4 0 0 1 0 7.744"></path><path d="M22 21v-2a4 4 0 0 0-3-3.87"></path><circle cx="9" cy="7" r="4"></circle></svg><div><div class="text-white text-sm font-semibold">1,247</div><div class="text-white/70 text-xs">Active Users</div></div></div></div><div class="absolute bg-white/10 backdrop-blur-sm rounded-2xl p-4 shadow-xl border border-white/20 bottom-20 right-20" style="animation: 6s ease-in-out 3s infinite normal none running float;"><div class="flex items-center space-x-3"><svg xmlns="http://www.w3.org/2000/svg" width="24" height="24" viewBox="0 0 24 24" fill="none" stroke="currentColor" stroke-width="2" stroke-linecap="round" stroke-linejoin="round" class="lucide lucide-chart-pie w-6 h-6 text-yellow-400" aria-hidden="true"><path d="M21 12c.552 0 1.005-.449.95-.998a10 10 0 0 0-8.953-8.951c-.55-.055-.998.398-.998.95v8a1 1 0 0 0 1 1z"></path><path d="M21.21 15.89A10 10 0 1 1 8 2.83"></path></svg><div><div class="text-white text-sm font-semibold">94%</div><div class="text-white/70 text-xs">Success Rate</div></div></div></div><div class="absolute bg-white/10 backdrop-blur-sm rounded-2xl p-4 shadow-xl border border-white/20 top-1/2 left-8" style="animation: 6s ease-in-out 4s infinite normal none running float;"><svg xmlns="http://www.w3.org/2000/svg" width="24" height="24" viewBox="0 0 24 24" fill="none" stroke="currentColor" stroke-width="2" stroke-linecap="round" stroke-linejoin="round" class="lucide lucide-credit-card w-8 h-8 text-indigo-400" aria-hidden="true"><rect width="20" height="14" x="2" y="5" rx="2"></rect><line x1="2" x2="22" y1="10" y2="10"></line></svg></div><div class="absolute bg-white/10 backdrop-blur-sm rounded-2xl p-4 shadow-xl border border-white/20 top-1/3 right-8" style="animation: 6s ease-in-out 5s infinite normal none running float;"><svg xmlns="http://www.w3.org/2000/svg" width="24" height="24" viewBox="0 0 24 24" fill="none" stroke="currentColor" stroke-width="2" stroke-linecap="round" stroke-linejoin="round" class="lucide lucide-calculator w-8 h-8 text-emerald-400" aria-hidden="true"><rect width="16" height="20" x="4" y="2" rx="2"></rect><line x1="8" x2="16" y1="6" y2="6"></line><line x1="16" x2="16" y1="14" y2="18"></line><path d="M16 10h.01"></path><path d="M12 10h.01"></path><path d="M8 10h.01"></path><path d="M12 14h.01"></path><path d="M8 14h.01"></path><path d="M12 18h.01"></path><path d="M8 18h.01"></path></svg></div><div class="absolute bg-white/10 backdrop-blur-sm rounded-2xl p-4 shadow-xl border border-white/20 bottom-1/3 left-1/3" style="animation: 6s ease-in-out 6s infinite normal none running float;"><svg xmlns="http://www.w3.org/2000/svg" width="24" height="24" viewBox="0 0 24 24" fill="none" stroke="currentColor" stroke-width="2" stroke-linecap="round" stroke-linejoin="round" class="lucide lucide-chart-column w-8 h-8 text-rose-400" aria-hidden="true"><path d="M3 3v16a2 2 0 0 0 2 2h16"></path><path d="M18 17V9"></path><path d="M13 17V5"></path><path d="M8 17v-3"></path></svg></div></div><div class="absolute bottom-4 left-6 text-white animate-slide-in"><h2 class="text-2xl font-bold mb-1">Welcome to the Future of Lending</h2><p class="text-white/80 text-base">Streamline your financial operations</p></div></div><div class="w-full lg:w-1/2 flex items-center justify-center p-4 lg:p-6 bg-blue-50"><div class="w-full max-w-md"><div class="text-center "><div class="flex items-center justify-center gap-3 mb-4"><div class="text-blue-600 bg-p-2 rounded-xl"><img alt="Company Logo" class="w-32 h-12 object-contain" src="https://cbslms.s3.ap-south-1.amazonaws.com/static/Documents/2026/6/19/2a11f84a-8830-4cbc-9f44-463291e324c7.png"></div></div><p class="text-gray-600 font-bold text-base mb-2">Sign in to LMS platform</p></div><div class="bg-white rounded-3xl shadow-xl border border-gray-100 overflow-hidden"><div class="p-4"><form class="space-y-2"><div><label for="username" class="block text-sm font-semibold text-gray-700 mb-1">Username <span class="text-red-500">*</span></label><div class="relative"><div class="absolute inset-y-0 left-0 pl-4 flex items-center pointer-events-none"><svg xmlns="http://www.w3.org/2000/svg" width="24" height="24" viewBox="0 0 24 24" fill="none" stroke="currentColor" stroke-width="2" stroke-linecap="round" stroke-linejoin="round" class="lucide lucide-mail h-5 w-5 text-gray-400" aria-hidden="true"><path d="m22 7-8.991 5.727a2 2 0 0 1-2.009 0L2 7"></path><rect x="2" y="4" width="20" height="16" rx="2"></rect></svg></div><input id="username" class="block w-full pl-12 pr-4 py-2 border border-gray-200 hover:border-gray-300 bg-gray-50 focus:bg-white rounded-2xl focus:outline-none focus:ring-2 focus:ring-blue-500 focus:border-transparent transition-all duration-200 text-gray-900" placeholder="Enter your username" required="" type="text" value="" name="username"></div></div><div><label for="password" class="block text-sm font-semibold text-gray-700 mb-1">Password <span class="text-red-500">*</span></label><div class="relative"><div class="absolute inset-y-0 left-0 pl-4 flex items-center pointer-events-none"><svg xmlns="http://www.w3.org/2000/svg" width="24" height="24" viewBox="0 0 24 24" fill="none" stroke="currentColor" stroke-width="2" stroke-linecap="round" stroke-linejoin="round" class="lucide lucide-lock h-5 w-5 text-gray-400" aria-hidden="true"><rect width="18" height="11" x="3" y="11" rx="2" ry="2"></rect><path d="M7 11V7a5 5 0 0 1 10 0v4"></path></svg></div><input id="password" class="block w-full pl-12 pr-12 py-2 border border-gray-200 hover:border-gray-300 bg-gray-50 focus:bg-white rounded-2xl focus:outline-none focus:ring-2 focus:ring-blue-500 focus:border-transparent transition-all duration-200 text-gray-900" placeholder="Enter your password" required="" type="password" value="" name="password"><button type="button" class="absolute inset-y-0 right-0 pr-4 flex items-center"><svg xmlns="http://www.w3.org/2000/svg" width="24" height="24" viewBox="0 0 24 24" fill="none" stroke="currentColor" stroke-width="2" stroke-linecap="round" stroke-linejoin="round" class="lucide lucide-eye h-5 w-5 text-gray-400 hover:text-gray-600 transition-colors" aria-hidden="true"><path d="M2.062 12.348a1 1 0 0 1 0-.696 10.75 10.75 0 0 1 19.876 0 1 1 0 0 1 0 .696 10.75 10.75 0 0 1-19.876 0"></path><circle cx="12" cy="12" r="3"></circle></svg></button></div></div><div class="py-5 flex items-center justify-center"><div class="w-full"><div><input type="hidden" name="cf-turnstile-response" id="cf-chl-widget-miq4z_response"></div></div></div><button type="submit" disabled="" class="w-full py-3 px-6 rounded-2xl font-semibold text-white transition-all duration-300 bg-linear-to-r from-blue-600 to-indigo-600 hover:from-blue-700 hover:to-indigo-700 focus:outline-none focus:ring-2 focus:ring-blue-500 focus:ring-offset-2 transform hover:scale-[1.02] active:scale-[0.98] shadow-lg hover:shadow-xl"><div class="flex items-center justify-center group">Sign in<svg xmlns="http://www.w3.org/2000/svg" width="24" height="24" viewBox="0 0 24 24" fill="none" stroke="currentColor" stroke-width="2" stroke-linecap="round" stroke-linejoin="round" class="lucide lucide-arrow-right ml-2 h-5 w-5 group-hover:translate-x-1 transition-transform" aria-hidden="true"><path d="M5 12h14"></path><path d="m12 5 7 7-7 7"></path></svg></div></button></form></div></div><div class="mt-2 text-center space-y-1"><p class="text-xs text-gray-500 leading-tight">© 2026 Alfin Loan Management System. All rights reserved.</p></div></div></div></div></div></div>
  


]]></system-out>
    <system-err><![CDATA[SLF4J: Failed to load class "org.slf4j.impl.StaticLoggerBinder".
SLF4J: Defaulting to no-operation (NOP) logger implementation
SLF4J: See http://www.slf4j.org/codes.html#StaticLoggerBinder for further details.
Jun 24, 2026 6:28:18 PM org.openqa.selenium.devtools.CdpVersionFinder findNearestMatch
WARNING: Unable to find CDP implementation matching 149
Jun 24, 2026 6:28:18 PM org.openqa.selenium.chromium.ChromiumDriver lambda$new$5
WARNING: Unable to find version of CDP to use for 149.0.7827.115. You may need to include a dependency on a specific version of the CDP using something similar to `org.seleniumhq.selenium:selenium-devtools-v86:4.21.0` where the version ("v86") matches the version of the chromium-based browser you're using and the version number of the artifact is the same as Selenium's.
]]></system-err>
  </testcase>
</testsuite>