<?xml version="1.0" encoding="UTF-8"?>
<!-- Generated by org.testng.reporters.JUnitReportReporter -->
<testsuite hostname="DESKTOP-GOGTDC5" failures="0" tests="12" name="tests.UnderWritingTest" time="171.252" errors="0" timestamp="2026-06-27T19:19:52 IST" skipped="0">
  <testcase classname="tests.UnderWritingTest" name="testUnderwritingListPageLoads" time="4.482"/>
  <testcase classname="tests.UnderWritingTest" name="testSearchFunctionality" time="20.809"/>
  <testcase classname="tests.UnderWritingTest" name="testOpenApplicationDetail" time="7.435"/>
  <testcase classname="tests.UnderWritingTest" name="testTabNavigation" time="14.141"/>
  <testcase classname="tests.UnderWritingTest" name="testUpdateStatusModalOpens" time="4.127"/>
  <testcase classname="tests.UnderWritingTest" name="testApproveButtonPresent" time="0.084"/>
  <testcase classname="tests.UnderWritingTest" name="testDirectNavigationToApplicationDetail" time="4.403"/>
  <testcase classname="tests.UnderWritingTest" name="testDealParametersSetPreferredRepaymentDate" time="12.672"/>
  <testcase classname="tests.UnderWritingTest" name="testBankDetailsAddCustomerBank" time="44.106"/>
  <testcase classname="tests.UnderWritingTest" name="testClickApproveButton" time="12.150"/>
  <testcase classname="tests.UnderWritingTest" name="testDispatchSanctionMail" time="24.267"/>
  <testcase classname="tests.UnderWritingTest" name="testSubmitSanctionLetter" time="22.576"/>
</testsuite> <!-- tests.UnderWritingTest -->
