<?xml version="1.0" encoding="UTF-8"?>
<!-- Generated by org.testng.reporters.JUnitReportReporter -->
<testsuite hostname="DESKTOP-GOGTDC5" failures="0" tests="12" name="tests.UnderWritingTest" time="181.986" errors="0" timestamp="2026-06-25T16:19:40 IST" skipped="0">
  <testcase classname="tests.UnderWritingTest" name="testUnderwritingListPageLoads" time="5.612"/>
  <testcase classname="tests.UnderWritingTest" name="testSearchFunctionality" time="21.567"/>
  <testcase classname="tests.UnderWritingTest" name="testOpenApplicationDetail" time="9.071"/>
  <testcase classname="tests.UnderWritingTest" name="testTabNavigation" time="15.385"/>
  <testcase classname="tests.UnderWritingTest" name="testUpdateStatusModalOpens" time="4.697"/>
  <testcase classname="tests.UnderWritingTest" name="testApproveButtonPresent" time="0.189"/>
  <testcase classname="tests.UnderWritingTest" name="testDirectNavigationToApplicationDetail" time="5.106"/>
  <testcase classname="tests.UnderWritingTest" name="testDealParametersSetPreferredRepaymentDate" time="13.681"/>
  <testcase classname="tests.UnderWritingTest" name="testBankDetailsAddCustomerBank" time="46.912"/>
  <testcase classname="tests.UnderWritingTest" name="testClickApproveButton" time="13.410"/>
  <testcase classname="tests.UnderWritingTest" name="testDispatchSanctionMail" time="24.929"/>
  <testcase classname="tests.UnderWritingTest" name="testSubmitSanctionLetter" time="21.427"/>
</testsuite> <!-- tests.UnderWritingTest -->
