<?xml version="1.0" encoding="UTF-8"?>
<!-- Generated by org.testng.reporters.JUnitReportReporter -->
<testsuite hostname="DESKTOP-GOGTDC5" failures="0" tests="2" name="tests.SanctionLetterTest" time="17.676" errors="0" timestamp="2026-06-24T17:19:46 IST" skipped="0">
  <testcase classname="tests.SanctionLetterTest" name="testFetchSanctionLinkFromEmail" time="9.837"/>
  <testcase classname="tests.SanctionLetterTest" name="testSubmitSanctionLetter" time="7.839"/>
</testsuite> <!-- tests.SanctionLetterTest -->
