<?xml version="1.0" encoding="UTF-8"?>
<!-- Generated by org.testng.reporters.JUnitReportReporter -->
<testsuite hostname="DESKTOP-GOGTDC5" failures="0" tests="3" name="tests.KycPageTest" time="87.897" errors="0" timestamp="2026-06-26T11:10:44 IST" skipped="0">
  <testcase classname="tests.KycPageTest" name="testFetchKycLinkFromEmail" time="13.818"/>
  <testcase classname="tests.KycPageTest" name="testKycPageLoadsCorrectly" time="1.385"/>
  <testcase classname="tests.KycPageTest" name="testFillKycFormAndSubmit" time="72.694"/>
</testsuite> <!-- tests.KycPageTest -->
