<?xml version="1.0" encoding="UTF-8"?>
<!-- Generated by org.testng.reporters.JUnitReportReporter -->
<testsuite hostname="DESKTOP-GOGTDC5" failures="0" tests="3" name="tests.KycPageTest" time="57.704" errors="0" timestamp="2026-07-01T13:03:23 IST" skipped="0">
  <testcase classname="tests.KycPageTest" name="testFetchKycLinkFromEmail" time="10.744"/>
  <testcase classname="tests.KycPageTest" name="testKycPageLoadsCorrectly" time="1.624"/>
  <testcase classname="tests.KycPageTest" name="testFillKycFormAndSubmit" time="45.336"/>
</testsuite> <!-- tests.KycPageTest -->
