<?xml version="1.0" encoding="UTF-8"?>
<!-- Generated by org.testng.reporters.JUnitReportReporter -->
<testsuite hostname="DESKTOP-GOGTDC5" failures="0" tests="16" name="tests.AccountsTest" time="146.516" errors="0" timestamp="2026-07-02T13:29:32 IST" skipped="0">
  <testcase classname="tests.AccountsTest" name="testTableLoadsWithData" time="4.028"/>
  <testcase classname="tests.AccountsTest" name="testSearchByBorrowerName" time="7.716"/>
  <testcase classname="tests.AccountsTest" name="testSearchByLAN" time="5.214"/>
  <testcase classname="tests.AccountsTest" name="testSearchInputNonExistentText" time="5.333"/>
  <testcase classname="tests.AccountsTest" name="testAvailableStatusOptions" time="4.249"/>
  <testcase classname="tests.AccountsTest" name="testFilterByActiveStatus" time="17.936"/>
  <testcase classname="tests.AccountsTest" name="testFilterByOverdueStatus" time="19.656"/>
  <testcase classname="tests.AccountsTest" name="testFilterBySettledStatus" time="21.458"/>
  <testcase classname="tests.AccountsTest" name="testLoginDateFilter" time="6.824"/>
  <testcase classname="tests.AccountsTest" name="testCombinedStatusAndSearchFilter" time="11.574"/>
  <testcase classname="tests.AccountsTest" name="testTableDataIntegrity" time="16.123"/>
  <testcase classname="tests.AccountsTest" name="testSerialNumberSequence" time="4.521"/>
  <testcase classname="tests.AccountsTest" name="testClickLANNavigatesToDetailPage" time="4.574"/>
  <testcase classname="tests.AccountsTest" name="testClickFirstRowLAN" time="4.561"/>
  <testcase classname="tests.AccountsTest" name="testPresentUpcomingEMIsButton" time="6.145"/>
  <testcase classname="tests.AccountsTest" name="testViewActivePresentationsButton" time="6.604"/>
</testsuite> <!-- tests.AccountsTest -->
