<?xml version="1.0" encoding="UTF-8"?>
<!-- Generated by org.testng.reporters.JUnitXMLReporter -->
<testsuite ignored="0" hostname="DESKTOP-GOGTDC5" failures="2" tests="2" name="Settlement Tests" time="100.903" errors="0" timestamp="2026-07-02T13:20:58 IST">
  <testcase classname="tests.SettlementTest" name="testOpenSettlementModal" time="66.447">
    <failure type="org.openqa.selenium.TimeoutException" message="Expected condition failed: waiting for visibility of Proxy element for: DefaultElementLocator &amp;apos;By.xpath: //div[@role=&amp;apos;dialog&amp;apos;]//*[contains(text(), &amp;apos;Settlement - &amp;apos;)] | //h2[contains(text(), &amp;apos;Settlement&amp;apos;)] | //*[contains(@class, &amp;apos;modal-title&amp;apos;) and contains(text(), &amp;apos;Settlement&amp;apos;)]&amp;apos; (tried for 15 second(s) with 500 milliseconds interval)">
      <![CDATA[org.openqa.selenium.TimeoutException: Expected condition failed: waiting for visibility of Proxy element for: DefaultElementLocator 'By.xpath: //div[@role='dialog']//*[contains(text(), 'Settlement - ')] | //h2[contains(text(), 'Settlement')] | //*[contains(@class, 'modal-title') and contains(text(), 'Settlement')]' (tried for 15 second(s) with 500 milliseconds interval)
at org.openqa.selenium.support.ui.WebDriverWait.timeoutException(WebDriverWait.java:84)
at org.openqa.selenium.support.ui.FluentWait.until(FluentWait.java:228)
at accounts.SettlementPage.getModalTitle(SettlementPage.java:42)
at tests.SettlementTest.testOpenSettlementModal(SettlementTest.java:44)
at java.base/java.util.ArrayList.forEach(ArrayList.java:1604)
Caused by: org.openqa.selenium.NoSuchElementException: no such element: Unable to locate element: {"method":"xpath","selector":"//div[@role='dialog']//*[contains(text(), 'Settlement - ')] | //h2[contains(text(), 'Settlement')] | //*[contains(@class, 'modal-title') and contains(text(), 'Settlement')]"}
  (Session info: chrome=149.0.7827.199)
For documentation on this error, please visit: https://www.selenium.dev/documentation/webdriver/troubleshooting/errors#no-such-element-exception
Build info: version: '4.22.0', revision: 'c5f3146703*'
System info: os.name: 'Windows 11', os.arch: 'amd64', os.version: '10.0', java.version: '25.0.2'
Driver info: org.openqa.selenium.chrome.ChromeDriver
Command: [15651720145b842864a4d38a050f349f, findElement {value=//div[@role='dialog']//*[contains(text(), 'Settlement - ')] | //h2[contains(text(), 'Settlement')] | //*[contains(@class, 'modal-title') and contains(text(), 'Settlement')], using=xpath}]
Capabilities {acceptInsecureCerts: false, browserName: chrome, browserVersion: 149.0.7827.199, chrome: {chromedriverVersion: 149.0.7827.155 (07b52360cc1..., userDataDir: C:\Users\i-tech\AppData\Loc...}, fedcm:accounts: true, goog:chromeOptions: {debuggerAddress: localhost:56004}, goog:processID: 1100, networkConnectionEnabled: false, pageLoadStrategy: normal, platformName: windows, proxy: Proxy(), se:cdp: ws://localhost:56004/devtoo..., se:cdpVersion: 149.0.7827.199, setWindowRect: true, strictFileInteractability: false, timeouts: {implicit: 0, pageLoad: 300000, script: 30000}, unhandledPromptBehavior: dismiss and notify, webauthn:extension:credBlob: true, webauthn:extension:largeBlob: true, webauthn:extension:minPinLength: true, webauthn:extension:prf: true, webauthn:virtualAuthenticators: true}
Session ID: 15651720145b842864a4d38a050f349f
at org.openqa.selenium.remote.ErrorCodec.decode(ErrorCodec.java:167)
at org.openqa.selenium.remote.codec.w3c.W3CHttpResponseCodec.decode(W3CHttpResponseCodec.java:138)
at org.openqa.selenium.remote.codec.w3c.W3CHttpResponseCodec.decode(W3CHttpResponseCodec.java:50)
at org.openqa.selenium.remote.HttpCommandExecutor.execute(HttpCommandExecutor.java:190)
at org.openqa.selenium.remote.service.DriverCommandExecutor.invokeExecute(DriverCommandExecutor.java:216)
at org.openqa.selenium.remote.service.DriverCommandExecutor.execute(DriverCommandExecutor.java:174)
at org.openqa.selenium.remote.RemoteWebDriver.execute(RemoteWebDriver.java:518)
at org.openqa.selenium.remote.ElementLocation$ElementFinder$2.findElement(ElementLocation.java:165)
at org.openqa.selenium.remote.ElementLocation.findElement(ElementLocation.java:59)
at org.openqa.selenium.remote.RemoteWebDriver.findElement(RemoteWebDriver.java:355)
at org.openqa.selenium.remote.RemoteWebDriver.findElement(RemoteWebDriver.java:349)
at org.openqa.selenium.support.pagefactory.DefaultElementLocator.findElement(DefaultElementLocator.java:68)
at org.openqa.selenium.support.pagefactory.internal.LocatingElementHandler.invoke(LocatingElementHandler.java:38)
at jdk.proxy2/jdk.proxy2.$Proxy28.isDisplayed(Unknown Source)
at org.openqa.selenium.support.ui.ExpectedConditions.elementIfVisible(ExpectedConditions.java:304)
at org.openqa.selenium.support.ui.ExpectedConditions$10.apply(ExpectedConditions.java:290)
at org.openqa.selenium.support.ui.ExpectedConditions$10.apply(ExpectedConditions.java:287)
at org.openqa.selenium.support.ui.FluentWait.until(FluentWait.java:203)
... 32 more
... Removed 32 stack frames]]>
    </failure>
  </testcase> <!-- testOpenSettlementModal -->
  <testcase classname="tests.SettlementTest" name="testCompleteSettlementFlow" time="16.129">
    <failure type="java.lang.RuntimeException" message="Could not find or open the Action Menu with Settlement option.">
      <![CDATA[java.lang.RuntimeException: Could not find or open the Action Menu with Settlement option.
at accounts.AccountDetailsPage.clickSettlementOption(AccountDetailsPage.java:321)
at tests.SettlementTest.testCompleteSettlementFlow(SettlementTest.java:54)
at java.base/java.util.ArrayList.forEach(ArrayList.java:1604)
... Removed 29 stack frames]]>
    </failure>
  </testcase> <!-- testCompleteSettlementFlow -->
</testsuite> <!-- Settlement Tests -->
